# JRE version: OpenJDK Runtime Environment Temurin-21.0.8+9 (21.0.8+9) (build 21.0.8+9-LTS)
# Java VM: OpenJDK 64-Bit Server VM Temurin-21.0.8+9 (21.0.8+9-LTS, mixed mode, sharing, tiered, compressed oops, compressed class ptrs, parallel gc, windows-amd64)
GC Precious Log:
 CardTable entry size: 512
 CPUs: 4 total, 4 available
 Memory: 6092M
 Large Page Support: Disabled
 NUMA Support: Disabled
 Compressed Oops: Enabled (32-bit)
 Alignments: Space 512K, Generation 512K, Heap 2M
 Heap Min Capacity: 100M
 Heap Initial Capacity: 100M
 Heap Max Capacity: 2G
 Pre-touch: Disabled
 Parallel Workers: 4
Heap:
 PSYoungGen      total 16384K, used 16304K [0x00000000d5580000, 0x00000000d6800000, 0x0000000100000000)
  eden space 15360K, 100% used [0x00000000d5580000,0x00000000d6480000,0x00000000d6480000)
  from space 1024K, 92% used [0x00000000d6700000,0x00000000d67ec350,0x00000000d6800000)
  to   space 1536K, 100% used [0x00000000d6500000,0x00000000d6680000,0x00000000d6680000)
 ParOldGen       total 91648K, used 91645K [0x0000000080000000, 0x0000000085980000, 0x00000000d5580000)
  object space 91648K, 99% used [0x0000000080000000,0x000000008597f4f8,0x0000000085980000)
 Metaspace       used 61553K, committed 63040K, reserved 1114112K
  class space    used 6529K, committed 7168K, reserved 1048576K
GC Heap History (20 events):
Event: 20.939 GC heap before
{Heap before GC invocations=34 (full 2):
 PSYoungGen      total 16896K, used 16214K [0x00000000d5580000, 0x00000000d6800000, 0x0000000100000000)
  eden space 15360K, 100% used [0x00000000d5580000,0x00000000d6480000,0x00000000d6480000)
  from space 1536K, 55% used [0x00000000d6580000,0x00000000d6655870,0x00000000d6700000)
  to   space 1024K, 0% used [0x00000000d6700000,0x00000000d6700000,0x00000000d6800000)
 ParOldGen       total 68608K, used 41352K [0x0000000080000000, 0x0000000084300000, 0x00000000d5580000)
  object space 68608K, 60% used [0x0000000080000000,0x0000000082862118,0x0000000084300000)
 Metaspace       used 53686K, committed 54912K, reserved 1114112K
  class space    used 5708K, committed 6272K, reserved 1048576K
}
Event: 20.940 GC heap after
{Heap after GC invocations=34 (full 2):
 PSYoungGen      total 15872K, used 288K [0x00000000d5580000, 0x00000000d6780000, 0x0000000100000000)
  eden space 15360K, 0% used [0x00000000d5580000,0x00000000d5580000,0x00000000d6480000)
  from space 512K, 56% used [0x00000000d6700000,0x00000000d6748000,0x00000000d6780000)
  to   space 512K, 0% used [0x00000000d6680000,0x00000000d6680000,0x00000000d6700000)
 ParOldGen       total 68608K, used 41376K [0x0000000080000000, 0x0000000084300000, 0x00000000d5580000)
  object space 68608K, 60% used [0x0000000080000000,0x0000000082868118,0x0000000084300000)
 Metaspace       used 53686K, committed 54912K, reserved 1114112K
  class space    used 5708K, committed 6272K, reserved 1048576K
}
Event: 21.559 GC heap before
{Heap before GC invocations=35 (full 2):
 PSYoungGen      total 15872K, used 15647K [0x00000000d5580000, 0x00000000d6780000, 0x0000000100000000)
  eden space 15360K, 99% used [0x00000000d5580000,0x00000000d647ffe8,0x00000000d6480000)
  from space 512K, 56% used [0x00000000d6700000,0x00000000d6748000,0x00000000d6780000)
  to   space 512K, 0% used [0x00000000d6680000,0x00000000d6680000,0x00000000d6700000)
 ParOldGen       total 68608K, used 41376K [0x0000000080000000, 0x0000000084300000, 0x00000000d5580000)
  object space 68608K, 60% used [0x0000000080000000,0x0000000082868118,0x0000000084300000)
 Metaspace       used 55093K, committed 56384K, reserved 1114112K
  class space    used 5870K, committed 6400K, reserved 1048576K
}
Event: 21.560 GC heap after
{Heap after GC invocations=35 (full 2):
 PSYoungGen      total 15872K, used 504K [0x00000000d5580000, 0x00000000d6780000, 0x0000000100000000)
  eden space 15360K, 0% used [0x00000000d5580000,0x00000000d5580000,0x00000000d6480000)
  from space 512K, 98% used [0x00000000d6680000,0x00000000d66fe1d8,0x00000000d6700000)
  to   space 512K, 0% used [0x00000000d6700000,0x00000000d6700000,0x00000000d6780000)
 ParOldGen       total 68608K, used 41536K [0x0000000080000000, 0x0000000084300000, 0x00000000d5580000)
  object space 68608K, 60% used [0x0000000080000000,0x0000000082890118,0x0000000084300000)
 Metaspace       used 55093K, committed 56384K, reserved 1114112K
  class space    used 5870K, committed 6400K, reserved 1048576K
}
Event: 22.062 GC heap before
{Heap before GC invocations=36 (full 2):
 PSYoungGen      total 15872K, used 15864K [0x00000000d5580000, 0x00000000d6780000, 0x0000000100000000)
  eden space 15360K, 100% used [0x00000000d5580000,0x00000000d6480000,0x00000000d6480000)
  from space 512K, 98% used [0x00000000d6680000,0x00000000d66fe1d8,0x00000000d6700000)
  to   space 512K, 0% used [0x00000000d6700000,0x00000000d6700000,0x00000000d6780000)
 ParOldGen       total 68608K, used 41536K [0x0000000080000000, 0x0000000084300000, 0x00000000d5580000)
  object space 68608K, 60% used [0x0000000080000000,0x0000000082890118,0x0000000084300000)
 Metaspace       used 57115K, committed 58496K, reserved 1114112K
  class space    used 6090K, committed 6656K, reserved 1048576K
}
Event: 22.065 GC heap after
{Heap after GC invocations=36 (full 2):
 PSYoungGen      total 15872K, used 484K [0x00000000d5580000, 0x00000000d6880000, 0x0000000100000000)
  eden space 15360K, 0% used [0x00000000d5580000,0x00000000d5580000,0x00000000d6480000)
  from space 512K, 94% used [0x00000000d6700000,0x00000000d6779050,0x00000000d6780000)
  to   space 2048K, 0% used [0x00000000d6480000,0x00000000d6480000,0x00000000d6680000)
 ParOldGen       total 68608K, used 42529K [0x0000000080000000, 0x0000000084300000, 0x00000000d5580000)
  object space 68608K, 61% used [0x0000000080000000,0x00000000829887a0,0x0000000084300000)
 Metaspace       used 57115K, committed 58496K, reserved 1114112K
  class space    used 6090K, committed 6656K, reserved 1048576K
}
Event: 22.361 GC heap before
{Heap before GC invocations=37 (full 2):
 PSYoungGen      total 15872K, used 10388K [0x00000000d5580000, 0x00000000d6880000, 0x0000000100000000)
  eden space 15360K, 64% used [0x00000000d5580000,0x00000000d5f2c068,0x00000000d6480000)
  from space 512K, 94% used [0x00000000d6700000,0x00000000d6779050,0x00000000d6780000)
  to   space 2048K, 0% used [0x00000000d6480000,0x00000000d6480000,0x00000000d6680000)
 ParOldGen       total 68608K, used 42529K [0x0000000080000000, 0x0000000084300000, 0x00000000d5580000)
  object space 68608K, 61% used [0x0000000080000000,0x00000000829887a0,0x0000000084300000)
 Metaspace       used 58286K, committed 59840K, reserved 1114112K
  class space    used 6224K, committed 6912K, reserved 1048576K
}
Event: 22.363 GC heap after
{Heap after GC invocations=37 (full 2):
 PSYoungGen      total 16384K, used 1018K [0x00000000d5580000, 0x00000000d6780000, 0x0000000100000000)
  eden space 15360K, 0% used [0x00000000d5580000,0x00000000d5580000,0x00000000d6480000)
  from space 1024K, 99% used [0x00000000d6480000,0x00000000d657e928,0x00000000d6580000)
  to   space 1536K, 0% used [0x00000000d6600000,0x00000000d6600000,0x00000000d6780000)
 ParOldGen       total 68608K, used 42980K [0x0000000080000000, 0x0000000084300000, 0x00000000d5580000)
  object space 68608K, 62% used [0x0000000080000000,0x00000000829f93d0,0x0000000084300000)
 Metaspace       used 58286K, committed 59840K, reserved 1114112K
  class space    used 6224K, committed 6912K, reserved 1048576K
}
Event: 22.392 GC heap before
{Heap before GC invocations=38 (full 2):
 PSYoungGen      total 16384K, used 3135K [0x00000000d5580000, 0x00000000d6780000, 0x0000000100000000)
  eden space 15360K, 13% used [0x00000000d5580000,0x00000000d5791328,0x00000000d6480000)
  from space 1024K, 99% used [0x00000000d6480000,0x00000000d657e928,0x00000000d6580000)
  to   space 1536K, 0% used [0x00000000d6600000,0x00000000d6600000,0x00000000d6780000)
 ParOldGen       total 68608K, used 42980K [0x0000000080000000, 0x0000000084300000, 0x00000000d5580000)
  object space 68608K, 62% used [0x0000000080000000,0x00000000829f93d0,0x0000000084300000)
 Metaspace       used 58634K, committed 60096K, reserved 1114112K
  class space    used 6260K, committed 6912K, reserved 1048576K
}
Event: 22.393 GC heap after
{Heap after GC invocations=38 (full 2):
 PSYoungGen      total 15872K, used 249K [0x00000000d5580000, 0x00000000d6680000, 0x0000000100000000)
  eden space 15360K, 0% used [0x00000000d5580000,0x00000000d5580000,0x00000000d6480000)
  from space 512K, 48% used [0x00000000d6600000,0x00000000d663e690,0x00000000d6680000)
  to   space 1024K, 0% used [0x00000000d6480000,0x00000000d6480000,0x00000000d6580000)
 ParOldGen       total 68608K, used 43821K [0x0000000080000000, 0x0000000084300000, 0x00000000d5580000)
  object space 68608K, 63% used [0x0000000080000000,0x0000000082acb6f8,0x0000000084300000)
 Metaspace       used 58634K, committed 60096K, reserved 1114112K
  class space    used 6260K, committed 6912K, reserved 1048576K
}
Event: 22.393 GC heap before
{Heap before GC invocations=39 (full 3):
 PSYoungGen      total 15872K, used 249K [0x00000000d5580000, 0x00000000d6680000, 0x0000000100000000)
  eden space 15360K, 0% used [0x00000000d5580000,0x00000000d5580000,0x00000000d6480000)
  from space 512K, 48% used [0x00000000d6600000,0x00000000d663e690,0x00000000d6680000)
  to   space 1024K, 0% used [0x00000000d6480000,0x00000000d6480000,0x00000000d6580000)
 ParOldGen       total 68608K, used 43821K [0x0000000080000000, 0x0000000084300000, 0x00000000d5580000)
  object space 68608K, 63% used [0x0000000080000000,0x0000000082acb6f8,0x0000000084300000)
 Metaspace       used 58634K, committed 60096K, reserved 1114112K
  class space    used 6260K, committed 6912K, reserved 1048576K
}
Event: 22.490 GC heap after
{Heap after GC invocations=39 (full 3):
 PSYoungGen      total 15872K, used 0K [0x00000000d5580000, 0x00000000d6680000, 0x0000000100000000)
  eden space 15360K, 0% used [0x00000000d5580000,0x00000000d5580000,0x00000000d6480000)
  from space 512K, 0% used [0x00000000d6600000,0x00000000d6600000,0x00000000d6680000)
  to   space 1024K, 0% used [0x00000000d6480000,0x00000000d6480000,0x00000000d6580000)
 ParOldGen       total 68608K, used 40670K [0x0000000080000000, 0x0000000084300000, 0x00000000d5580000)
  object space 68608K, 59% used [0x0000000080000000,0x00000000827b7840,0x0000000084300000)
 Metaspace       used 58634K, committed 60096K, reserved 1114112K
  class space    used 6260K, committed 6912K, reserved 1048576K
}
Event: 22.942 GC heap before
{Heap before GC invocations=40 (full 3):
 PSYoungGen      total 15872K, used 15360K [0x00000000d5580000, 0x00000000d6680000, 0x0000000100000000)
  eden space 15360K, 100% used [0x00000000d5580000,0x00000000d6480000,0x00000000d6480000)
  from space 512K, 0% used [0x00000000d6600000,0x00000000d6600000,0x00000000d6680000)
  to   space 1024K, 0% used [0x00000000d6480000,0x00000000d6480000,0x00000000d6580000)
 ParOldGen       total 68608K, used 40670K [0x0000000080000000, 0x0000000084300000, 0x00000000d5580000)
  object space 68608K, 59% used [0x0000000080000000,0x00000000827b7840,0x0000000084300000)
 Metaspace       used 59846K, committed 61312K, reserved 1114112K
  class space    used 6370K, committed 7040K, reserved 1048576K
}
Event: 22.945 GC heap after
{Heap after GC invocations=40 (full 3):
 PSYoungGen      total 16384K, used 1001K [0x00000000d5580000, 0x00000000d6980000, 0x0000000100000000)
  eden space 15360K, 0% used [0x00000000d5580000,0x00000000d5580000,0x00000000d6480000)
  from space 1024K, 97% used [0x00000000d6480000,0x00000000d657a790,0x00000000d6580000)
  to   space 2560K, 0% used [0x00000000d6700000,0x00000000d6700000,0x00000000d6980000)
 ParOldGen       total 68608K, used 41758K [0x0000000080000000, 0x0000000084300000, 0x00000000d5580000)
  object space 68608K, 60% used [0x0000000080000000,0x00000000828c7840,0x0000000084300000)
 Metaspace       used 59846K, committed 61312K, reserved 1114112K
  class space    used 6370K, committed 7040K, reserved 1048576K
}
Event: 23.326 GC heap before
{Heap before GC invocations=41 (full 3):
 PSYoungGen      total 16384K, used 15281K [0x00000000d5580000, 0x00000000d6980000, 0x0000000100000000)
  eden space 15360K, 92% used [0x00000000d5580000,0x00000000d6372040,0x00000000d6480000)
  from space 1024K, 97% used [0x00000000d6480000,0x00000000d657a790,0x00000000d6580000)
  to   space 2560K, 0% used [0x00000000d6700000,0x00000000d6700000,0x00000000d6980000)
 ParOldGen       total 68608K, used 41758K [0x0000000080000000, 0x0000000084300000, 0x00000000d5580000)
  object space 68608K, 60% used [0x0000000080000000,0x00000000828c7840,0x0000000084300000)
 Metaspace       used 60516K, committed 61952K, reserved 1114112K
  class space    used 6451K, committed 7040K, reserved 1048576K
}
Event: 23.329 GC heap after
{Heap after GC invocations=41 (full 3):
 PSYoungGen      total 17920K, used 2360K [0x00000000d5580000, 0x00000000d6980000, 0x0000000100000000)
  eden space 15360K, 0% used [0x00000000d5580000,0x00000000d5580000,0x00000000d6480000)
  from space 2560K, 92% used [0x00000000d6700000,0x00000000d694e3b0,0x00000000d6980000)
  to   space 2560K, 0% used [0x00000000d6480000,0x00000000d6480000,0x00000000d6700000)
 ParOldGen       total 68608K, used 43623K [0x0000000080000000, 0x0000000084300000, 0x00000000d5580000)
  object space 68608K, 63% used [0x0000000080000000,0x0000000082a99eb0,0x0000000084300000)
 Metaspace       used 60516K, committed 61952K, reserved 1114112K
  class space    used 6451K, committed 7040K, reserved 1048576K
}
Event: 23.419 GC heap before
{Heap before GC invocations=42 (full 3):
 PSYoungGen      total 17920K, used 17720K [0x00000000d5580000, 0x00000000d6980000, 0x0000000100000000)
  eden space 15360K, 100% used [0x00000000d5580000,0x00000000d6480000,0x00000000d6480000)
  from space 2560K, 92% used [0x00000000d6700000,0x00000000d694e3b0,0x00000000d6980000)
  to   space 2560K, 0% used [0x00000000d6480000,0x00000000d6480000,0x00000000d6700000)
 ParOldGen       total 68608K, used 43624K [0x0000000080000000, 0x0000000084300000, 0x00000000d5580000)
  object space 68608K, 63% used [0x0000000080000000,0x0000000082a9a2f0,0x0000000084300000)
 Metaspace       used 61052K, committed 62528K, reserved 1114112K
  class space    used 6495K, committed 7104K, reserved 1048576K
}
Event: 23.423 GC heap after
{Heap after GC invocations=42 (full 3):
 PSYoungGen      total 17920K, used 1924K [0x00000000d5580000, 0x00000000d6980000, 0x0000000100000000)
  eden space 15360K, 0% used [0x00000000d5580000,0x00000000d5580000,0x00000000d6480000)
  from space 2560K, 75% used [0x00000000d6480000,0x00000000d6661180,0x00000000d6700000)
  to   space 2560K, 0% used [0x00000000d6700000,0x00000000d6700000,0x00000000d6980000)
 ParOldGen       total 68608K, used 48330K [0x0000000080000000, 0x0000000084300000, 0x00000000d5580000)
  object space 68608K, 70% used [0x0000000080000000,0x0000000082f329b0,0x0000000084300000)
 Metaspace       used 61052K, committed 62528K, reserved 1114112K
  class space    used 6495K, committed 7104K, reserved 1048576K
}
Event: 23.594 GC heap before
{Heap before GC invocations=43 (full 3):
 PSYoungGen      total 17920K, used 17284K [0x00000000d5580000, 0x00000000d6980000, 0x0000000100000000)
  eden space 15360K, 100% used [0x00000000d5580000,0x00000000d6480000,0x00000000d6480000)
  from space 2560K, 75% used [0x00000000d6480000,0x00000000d6661180,0x00000000d6700000)
  to   space 2560K, 0% used [0x00000000d6700000,0x00000000d6700000,0x00000000d6980000)
 ParOldGen       total 91136K, used 85670K [0x0000000080000000, 0x0000000085900000, 0x00000000d5580000)
  object space 91136K, 94% used [0x0000000080000000,0x00000000853a9890,0x0000000085900000)
 Metaspace       used 61534K, committed 63040K, reserved 1114112K
  class space    used 6529K, committed 7168K, reserved 1048576K
}
Event: 23.596 GC heap after
{Heap after GC invocations=43 (full 3):
 PSYoungGen      total 16384K, used 944K [0x00000000d5580000, 0x00000000d6800000, 0x0000000100000000)
  eden space 15360K, 0% used [0x00000000d5580000,0x00000000d5580000,0x00000000d6480000)
  from space 1024K, 92% used [0x00000000d6700000,0x00000000d67ec350,0x00000000d6800000)
  to   space 1536K, 0% used [0x00000000d6500000,0x00000000d6500000,0x00000000d6680000)
 ParOldGen       total 91136K, used 86097K [0x0000000080000000, 0x0000000085900000, 0x00000000d5580000)
  object space 91136K, 94% used [0x0000000080000000,0x00000000854144a8,0x0000000085900000)
 Metaspace       used 61534K, committed 63040K, reserved 1114112K
  class space    used 6529K, committed 7168K, reserved 1048576K
}

