# JRE version: OpenJDK Runtime Environment Temurin-21.0.8+9 (21.0.8+9) (build 21.0.8+9-LTS)
# Java VM: OpenJDK 64-Bit Server VM Temurin-21.0.8+9 (21.0.8+9-LTS, mixed mode, sharing, tiered, compressed oops, compressed class ptrs, parallel gc, windows-amd64)
GC Precious Log:
 CardTable entry size: 512
 CPUs: 4 total, 4 available
 Memory: 6092M
 Large Page Support: Disabled
 NUMA Support: Disabled
 Compressed Oops: Enabled (32-bit)
 Alignments: Space 512K, Generation 512K, Heap 2M
 Heap Min Capacity: 100M
 Heap Initial Capacity: 100M
 Heap Max Capacity: 2G
 Pre-touch: Disabled
 Parallel Workers: 4
Heap:
 PSYoungGen      total 4608K, used 2258K [0x00000000d5580000, 0x00000000d5b00000, 0x0000000100000000)
  eden space 3072K, 70% used [0x00000000d5580000,0x00000000d579cb58,0x00000000d5880000)
  from space 1536K, 6% used [0x00000000d5880000,0x00000000d5898000,0x00000000d5a00000)
  to   space 512K, 0% used [0x00000000d5a80000,0x00000000d5a80000,0x00000000d5b00000)
 ParOldGen       total 421888K, used 421644K [0x0000000080000000, 0x0000000099c00000, 0x00000000d5580000)
  object space 421888K, 99% used [0x0000000080000000,0x0000000099bc3160,0x0000000099c00000)
 Metaspace       used 62756K, committed 64128K, reserved 1114112K
  class space    used 6651K, committed 7296K, reserved 1048576K
GC Heap History (20 events):
Event: 37.790 GC heap before
{Heap before GC invocations=279 (full 3):
 PSYoungGen      total 4096K, used 3802K [0x00000000d5580000, 0x00000000d5b80000, 0x0000000100000000)
  eden space 3072K, 99% used [0x00000000d5580000,0x00000000d587a598,0x00000000d5880000)
  from space 1024K, 73% used [0x00000000d5980000,0x00000000d5a3c488,0x00000000d5a80000)
  to   space 1024K, 0% used [0x00000000d5a80000,0x00000000d5a80000,0x00000000d5b80000)
 ParOldGen       total 415232K, used 414968K [0x0000000080000000, 0x0000000099580000, 0x00000000d5580000)
  object space 415232K, 99% used [0x0000000080000000,0x000000009953e290,0x0000000099580000)
 Metaspace       used 61134K, committed 62464K, reserved 1114112K
  class space    used 6494K, committed 7040K, reserved 1048576K
}
Event: 37.792 GC heap after
{Heap after GC invocations=279 (full 3):
 PSYoungGen      total 4096K, used 790K [0x00000000d5580000, 0x00000000d5b80000, 0x0000000100000000)
  eden space 3072K, 0% used [0x00000000d5580000,0x00000000d5580000,0x00000000d5880000)
  from space 1024K, 77% used [0x00000000d5a80000,0x00000000d5b459f0,0x00000000d5b80000)
  to   space 1024K, 0% used [0x00000000d5980000,0x00000000d5980000,0x00000000d5a80000)
 ParOldGen       total 416768K, used 416635K [0x0000000080000000, 0x0000000099700000, 0x00000000d5580000)
  object space 416768K, 99% used [0x0000000080000000,0x00000000996deef0,0x0000000099700000)
 Metaspace       used 61134K, committed 62464K, reserved 1114112K
  class space    used 6494K, committed 7040K, reserved 1048576K
}
Event: 38.145 GC heap before
{Heap before GC invocations=280 (full 3):
 PSYoungGen      total 4096K, used 3862K [0x00000000d5580000, 0x00000000d5b80000, 0x0000000100000000)
  eden space 3072K, 100% used [0x00000000d5580000,0x00000000d5880000,0x00000000d5880000)
  from space 1024K, 77% used [0x00000000d5a80000,0x00000000d5b459f0,0x00000000d5b80000)
  to   space 1024K, 0% used [0x00000000d5980000,0x00000000d5980000,0x00000000d5a80000)
 ParOldGen       total 416768K, used 416635K [0x0000000080000000, 0x0000000099700000, 0x00000000d5580000)
  object space 416768K, 99% used [0x0000000080000000,0x00000000996deef0,0x0000000099700000)
 Metaspace       used 61290K, committed 62656K, reserved 1114112K
  class space    used 6507K, committed 7104K, reserved 1048576K
}
Event: 38.148 GC heap after
{Heap after GC invocations=280 (full 3):
 PSYoungGen      total 4096K, used 1021K [0x00000000d5580000, 0x00000000d5d80000, 0x0000000100000000)
  eden space 3072K, 0% used [0x00000000d5580000,0x00000000d5580000,0x00000000d5880000)
  from space 1024K, 99% used [0x00000000d5980000,0x00000000d5a7f5f8,0x00000000d5a80000)
  to   space 2560K, 0% used [0x00000000d5b00000,0x00000000d5b00000,0x00000000d5d80000)
 ParOldGen       total 418304K, used 417849K [0x0000000080000000, 0x0000000099880000, 0x00000000d5580000)
  object space 418304K, 99% used [0x0000000080000000,0x000000009980e470,0x0000000099880000)
 Metaspace       used 61290K, committed 62656K, reserved 1114112K
  class space    used 6507K, committed 7104K, reserved 1048576K
}
Event: 38.272 GC heap before
{Heap before GC invocations=281 (full 3):
 PSYoungGen      total 4096K, used 4093K [0x00000000d5580000, 0x00000000d5d80000, 0x0000000100000000)
  eden space 3072K, 100% used [0x00000000d5580000,0x00000000d5880000,0x00000000d5880000)
  from space 1024K, 99% used [0x00000000d5980000,0x00000000d5a7f5f8,0x00000000d5a80000)
  to   space 2560K, 0% used [0x00000000d5b00000,0x00000000d5b00000,0x00000000d5d80000)
 ParOldGen       total 418304K, used 417849K [0x0000000080000000, 0x0000000099880000, 0x00000000d5580000)
  object space 418304K, 99% used [0x0000000080000000,0x000000009980e470,0x0000000099880000)
 Metaspace       used 61311K, committed 62656K, reserved 1114112K
  class space    used 6508K, committed 7104K, reserved 1048576K
}
Event: 38.276 GC heap after
{Heap after GC invocations=281 (full 3):
 PSYoungGen      total 4096K, used 1024K [0x00000000d5580000, 0x00000000d5c00000, 0x0000000100000000)
  eden space 3072K, 0% used [0x00000000d5580000,0x00000000d5580000,0x00000000d5880000)
  from space 1024K, 100% used [0x00000000d5b00000,0x00000000d5c00000,0x00000000d5c00000)
  to   space 1536K, 0% used [0x00000000d5900000,0x00000000d5900000,0x00000000d5a80000)
 ParOldGen       total 420352K, used 419653K [0x0000000080000000, 0x0000000099a80000, 0x00000000d5580000)
  object space 420352K, 99% used [0x0000000080000000,0x00000000999d1790,0x0000000099a80000)
 Metaspace       used 61311K, committed 62656K, reserved 1114112K
  class space    used 6508K, committed 7104K, reserved 1048576K
}
Event: 38.336 GC heap before
{Heap before GC invocations=282 (full 3):
 PSYoungGen      total 4096K, used 2962K [0x00000000d5580000, 0x00000000d5c00000, 0x0000000100000000)
  eden space 3072K, 63% used [0x00000000d5580000,0x00000000d5764b68,0x00000000d5880000)
  from space 1024K, 100% used [0x00000000d5b00000,0x00000000d5c00000,0x00000000d5c00000)
  to   space 1536K, 0% used [0x00000000d5900000,0x00000000d5900000,0x00000000d5a80000)
 ParOldGen       total 420352K, used 419653K [0x0000000080000000, 0x0000000099a80000, 0x00000000d5580000)
  object space 420352K, 99% used [0x0000000080000000,0x00000000999d1790,0x0000000099a80000)
 Metaspace       used 61335K, committed 62720K, reserved 1114112K
  class space    used 6508K, committed 7104K, reserved 1048576K
}
Event: 38.339 GC heap after
{Heap after GC invocations=282 (full 3):
 PSYoungGen      total 4608K, used 352K [0x00000000d5580000, 0x00000000d5b80000, 0x0000000100000000)
  eden space 3072K, 0% used [0x00000000d5580000,0x00000000d5580000,0x00000000d5880000)
  from space 1536K, 22% used [0x00000000d5900000,0x00000000d5958000,0x00000000d5a80000)
  to   space 1024K, 0% used [0x00000000d5a80000,0x00000000d5a80000,0x00000000d5b80000)
 ParOldGen       total 420352K, used 420149K [0x0000000080000000, 0x0000000099a80000, 0x00000000d5580000)
  object space 420352K, 99% used [0x0000000080000000,0x0000000099a4d790,0x0000000099a80000)
 Metaspace       used 61335K, committed 62720K, reserved 1114112K
  class space    used 6508K, committed 7104K, reserved 1048576K
}
Event: 38.405 GC heap before
{Heap before GC invocations=283 (full 3):
 PSYoungGen      total 4608K, used 3424K [0x00000000d5580000, 0x00000000d5b80000, 0x0000000100000000)
  eden space 3072K, 100% used [0x00000000d5580000,0x00000000d5880000,0x00000000d5880000)
  from space 1536K, 22% used [0x00000000d5900000,0x00000000d5958000,0x00000000d5a80000)
  to   space 1024K, 0% used [0x00000000d5a80000,0x00000000d5a80000,0x00000000d5b80000)
 ParOldGen       total 420352K, used 420149K [0x0000000080000000, 0x0000000099a80000, 0x00000000d5580000)
  object space 420352K, 99% used [0x0000000080000000,0x0000000099a4d790,0x0000000099a80000)
 Metaspace       used 61447K, committed 62784K, reserved 1114112K
  class space    used 6514K, committed 7104K, reserved 1048576K
}
Event: 38.407 GC heap after
{Heap after GC invocations=283 (full 3):
 PSYoungGen      total 3584K, used 263K [0x00000000d5580000, 0x00000000d5b00000, 0x0000000100000000)
  eden space 3072K, 0% used [0x00000000d5580000,0x00000000d5580000,0x00000000d5880000)
  from space 512K, 51% used [0x00000000d5a80000,0x00000000d5ac1ca0,0x00000000d5b00000)
  to   space 512K, 0% used [0x00000000d5a00000,0x00000000d5a00000,0x00000000d5a80000)
 ParOldGen       total 420864K, used 420489K [0x0000000080000000, 0x0000000099b00000, 0x00000000d5580000)
  object space 420864K, 99% used [0x0000000080000000,0x0000000099aa27b0,0x0000000099b00000)
 Metaspace       used 61447K, committed 62784K, reserved 1114112K
  class space    used 6514K, committed 7104K, reserved 1048576K
}
Event: 38.770 GC heap before
{Heap before GC invocations=284 (full 3):
 PSYoungGen      total 3584K, used 3335K [0x00000000d5580000, 0x00000000d5b00000, 0x0000000100000000)
  eden space 3072K, 100% used [0x00000000d5580000,0x00000000d5880000,0x00000000d5880000)
  from space 512K, 51% used [0x00000000d5a80000,0x00000000d5ac1ca0,0x00000000d5b00000)
  to   space 512K, 0% used [0x00000000d5a00000,0x00000000d5a00000,0x00000000d5a80000)
 ParOldGen       total 420864K, used 420489K [0x0000000080000000, 0x0000000099b00000, 0x00000000d5580000)
  object space 420864K, 99% used [0x0000000080000000,0x0000000099aa27b0,0x0000000099b00000)
 Metaspace       used 61668K, committed 63040K, reserved 1114112K
  class space    used 6531K, committed 7104K, reserved 1048576K
}
Event: 38.773 GC heap after
{Heap after GC invocations=284 (full 3):
 PSYoungGen      total 3584K, used 192K [0x00000000d5580000, 0x00000000d5b00000, 0x0000000100000000)
  eden space 3072K, 0% used [0x00000000d5580000,0x00000000d5580000,0x00000000d5880000)
  from space 512K, 37% used [0x00000000d5a00000,0x00000000d5a30020,0x00000000d5a80000)
  to   space 512K, 0% used [0x00000000d5a80000,0x00000000d5a80000,0x00000000d5b00000)
 ParOldGen       total 420864K, used 420665K [0x0000000080000000, 0x0000000099b00000, 0x00000000d5580000)
  object space 420864K, 99% used [0x0000000080000000,0x0000000099ace450,0x0000000099b00000)
 Metaspace       used 61668K, committed 63040K, reserved 1114112K
  class space    used 6531K, committed 7104K, reserved 1048576K
}
Event: 39.220 GC heap before
{Heap before GC invocations=285 (full 3):
 PSYoungGen      total 3584K, used 3254K [0x00000000d5580000, 0x00000000d5b00000, 0x0000000100000000)
  eden space 3072K, 99% used [0x00000000d5580000,0x00000000d587dab8,0x00000000d5880000)
  from space 512K, 37% used [0x00000000d5a00000,0x00000000d5a30020,0x00000000d5a80000)
  to   space 512K, 0% used [0x00000000d5a80000,0x00000000d5a80000,0x00000000d5b00000)
 ParOldGen       total 420864K, used 420665K [0x0000000080000000, 0x0000000099b00000, 0x00000000d5580000)
  object space 420864K, 99% used [0x0000000080000000,0x0000000099ace450,0x0000000099b00000)
 Metaspace       used 62037K, committed 63424K, reserved 1114112K
  class space    used 6558K, committed 7168K, reserved 1048576K
}
Event: 39.222 GC heap after
{Heap after GC invocations=285 (full 3):
 PSYoungGen      total 3584K, used 352K [0x00000000d5580000, 0x00000000d5b00000, 0x0000000100000000)
  eden space 3072K, 0% used [0x00000000d5580000,0x00000000d5580000,0x00000000d5880000)
  from space 512K, 68% used [0x00000000d5a80000,0x00000000d5ad8000,0x00000000d5b00000)
  to   space 512K, 0% used [0x00000000d5a00000,0x00000000d5a00000,0x00000000d5a80000)
 ParOldGen       total 420864K, used 420769K [0x0000000080000000, 0x0000000099b00000, 0x00000000d5580000)
  object space 420864K, 99% used [0x0000000080000000,0x0000000099ae8470,0x0000000099b00000)
 Metaspace       used 62037K, committed 63424K, reserved 1114112K
  class space    used 6558K, committed 7168K, reserved 1048576K
}
Event: 39.381 GC heap before
{Heap before GC invocations=286 (full 3):
 PSYoungGen      total 3584K, used 3424K [0x00000000d5580000, 0x00000000d5b00000, 0x0000000100000000)
  eden space 3072K, 100% used [0x00000000d5580000,0x00000000d5880000,0x00000000d5880000)
  from space 512K, 68% used [0x00000000d5a80000,0x00000000d5ad8000,0x00000000d5b00000)
  to   space 512K, 0% used [0x00000000d5a00000,0x00000000d5a00000,0x00000000d5a80000)
 ParOldGen       total 420864K, used 420769K [0x0000000080000000, 0x0000000099b00000, 0x00000000d5580000)
  object space 420864K, 99% used [0x0000000080000000,0x0000000099ae8470,0x0000000099b00000)
 Metaspace       used 62293K, committed 63616K, reserved 1114112K
  class space    used 6604K, committed 7168K, reserved 1048576K
}
Event: 39.383 GC heap after
{Heap after GC invocations=286 (full 3):
 PSYoungGen      total 3584K, used 224K [0x00000000d5580000, 0x00000000d5b00000, 0x0000000100000000)
  eden space 3072K, 0% used [0x00000000d5580000,0x00000000d5580000,0x00000000d5880000)
  from space 512K, 43% used [0x00000000d5a00000,0x00000000d5a38000,0x00000000d5a80000)
  to   space 512K, 0% used [0x00000000d5a80000,0x00000000d5a80000,0x00000000d5b00000)
 ParOldGen       total 421376K, used 421049K [0x0000000080000000, 0x0000000099b80000, 0x00000000d5580000)
  object space 421376K, 99% used [0x0000000080000000,0x0000000099b2e470,0x0000000099b80000)
 Metaspace       used 62293K, committed 63616K, reserved 1114112K
  class space    used 6604K, committed 7168K, reserved 1048576K
}
Event: 39.394 GC heap before
{Heap before GC invocations=287 (full 3):
 PSYoungGen      total 3584K, used 3296K [0x00000000d5580000, 0x00000000d5b00000, 0x0000000100000000)
  eden space 3072K, 100% used [0x00000000d5580000,0x00000000d5880000,0x00000000d5880000)
  from space 512K, 43% used [0x00000000d5a00000,0x00000000d5a38000,0x00000000d5a80000)
  to   space 512K, 0% used [0x00000000d5a80000,0x00000000d5a80000,0x00000000d5b00000)
 ParOldGen       total 421376K, used 421049K [0x0000000080000000, 0x0000000099b80000, 0x00000000d5580000)
  object space 421376K, 99% used [0x0000000080000000,0x0000000099b2e470,0x0000000099b80000)
 Metaspace       used 62294K, committed 63616K, reserved 1114112K
  class space    used 6604K, committed 7168K, reserved 1048576K
}
Event: 39.396 GC heap after
{Heap after GC invocations=287 (full 3):
 PSYoungGen      total 3584K, used 490K [0x00000000d5580000, 0x00000000d5b80000, 0x0000000100000000)
  eden space 3072K, 0% used [0x00000000d5580000,0x00000000d5580000,0x00000000d5880000)
  from space 512K, 95% used [0x00000000d5a80000,0x00000000d5afa8f0,0x00000000d5b00000)
  to   space 1536K, 0% used [0x00000000d5880000,0x00000000d5880000,0x00000000d5a00000)
 ParOldGen       total 421888K, used 421604K [0x0000000080000000, 0x0000000099c00000, 0x00000000d5580000)
  object space 421888K, 99% used [0x0000000080000000,0x0000000099bb9160,0x0000000099c00000)
 Metaspace       used 62294K, committed 63616K, reserved 1114112K
  class space    used 6604K, committed 7168K, reserved 1048576K
}
Event: 39.509 GC heap before
{Heap before GC invocations=288 (full 3):
 PSYoungGen      total 3584K, used 3562K [0x00000000d5580000, 0x00000000d5b80000, 0x0000000100000000)
  eden space 3072K, 100% used [0x00000000d5580000,0x00000000d5880000,0x00000000d5880000)
  from space 512K, 95% used [0x00000000d5a80000,0x00000000d5afa8f0,0x00000000d5b00000)
  to   space 1536K, 0% used [0x00000000d5880000,0x00000000d5880000,0x00000000d5a00000)
 ParOldGen       total 421888K, used 421604K [0x0000000080000000, 0x0000000099c00000, 0x00000000d5580000)
  object space 421888K, 99% used [0x0000000080000000,0x0000000099bb9160,0x0000000099c00000)
 Metaspace       used 62502K, committed 63872K, reserved 1114112K
  class space    used 6617K, committed 7232K, reserved 1048576K
}
Event: 39.511 GC heap after
{Heap after GC invocations=288 (full 3):
 PSYoungGen      total 4608K, used 96K [0x00000000d5580000, 0x00000000d5b00000, 0x0000000100000000)
  eden space 3072K, 0% used [0x00000000d5580000,0x00000000d5580000,0x00000000d5880000)
  from space 1536K, 6% used [0x00000000d5880000,0x00000000d5898000,0x00000000d5a00000)
  to   space 512K, 0% used [0x00000000d5a80000,0x00000000d5a80000,0x00000000d5b00000)
 ParOldGen       total 421888K, used 421644K [0x0000000080000000, 0x0000000099c00000, 0x00000000d5580000)
  object space 421888K, 99% used [0x0000000080000000,0x0000000099bc3160,0x0000000099c00000)
 Metaspace       used 62502K, committed 63872K, reserved 1114112K
  class space    used 6617K, committed 7232K, reserved 1048576K
}

