# JRE version: OpenJDK Runtime Environment Temurin-21.0.8+9 (21.0.8+9) (build 21.0.8+9-LTS)
# Java VM: OpenJDK 64-Bit Server VM Temurin-21.0.8+9 (21.0.8+9-LTS, mixed mode, sharing, tiered, compressed oops, compressed class ptrs, parallel gc, windows-amd64)
GC Precious Log:
 CardTable entry size: 512
 CPUs: 4 total, 4 available
 Memory: 6092M
 Large Page Support: Disabled
 NUMA Support: Disabled
 Compressed Oops: Enabled (32-bit)
 Alignments: Space 512K, Generation 512K, Heap 2M
 Heap Min Capacity: 100M
 Heap Initial Capacity: 100M
 Heap Max Capacity: 2G
 Pre-touch: Disabled
 Parallel Workers: 4
Heap:
 PSYoungGen      total 2560K, used 770K [0x00000000d5580000, 0x00000000d5d00000, 0x0000000100000000)
  eden space 2048K, 29% used [0x00000000d5580000,0x00000000d5618840,0x00000000d5780000)
  from space 512K, 31% used [0x00000000d5c80000,0x00000000d5ca8000,0x00000000d5d00000)
  to   space 512K, 0% used [0x00000000d5c00000,0x00000000d5c00000,0x00000000d5c80000)
 ParOldGen       total 512000K, used 511579K [0x0000000080000000, 0x000000009f400000, 0x00000000d5580000)
  object space 512000K, 99% used [0x0000000080000000,0x000000009f396da8,0x000000009f400000)
 Metaspace       used 64258K, committed 65600K, reserved 1114112K
  class space    used 6819K, committed 7424K, reserved 1048576K
GC Heap History (20 events):
Event: 68.990 GC heap before
{Heap before GC invocations=326 (full 3):
 PSYoungGen      total 5632K, used 5120K [0x00000000d5580000, 0x00000000d5d80000, 0x0000000100000000)
  eden space 3072K, 100% used [0x00000000d5580000,0x00000000d5880000,0x00000000d5880000)
  from space 2560K, 80% used [0x00000000d5b00000,0x00000000d5d00000,0x00000000d5d80000)
  to   space 2560K, 0% used [0x00000000d5880000,0x00000000d5880000,0x00000000d5b00000)
 ParOldGen       total 488960K, used 488654K [0x0000000080000000, 0x000000009dd80000, 0x00000000d5580000)
  object space 488960K, 99% used [0x0000000080000000,0x000000009dd33a00,0x000000009dd80000)
 Metaspace       used 63639K, committed 65024K, reserved 1114112K
  class space    used 6749K, committed 7360K, reserved 1048576K
}
Event: 68.994 GC heap after
{Heap after GC invocations=326 (full 3):
 PSYoungGen      total 5632K, used 2400K [0x00000000d5580000, 0x00000000d5e80000, 0x0000000100000000)
  eden space 3072K, 0% used [0x00000000d5580000,0x00000000d5580000,0x00000000d5880000)
  from space 2560K, 93% used [0x00000000d5880000,0x00000000d5ad8000,0x00000000d5b00000)
  to   space 2560K, 0% used [0x00000000d5c00000,0x00000000d5c00000,0x00000000d5e80000)
 ParOldGen       total 491008K, used 490630K [0x0000000080000000, 0x000000009df80000, 0x00000000d5580000)
  object space 491008K, 99% used [0x0000000080000000,0x000000009df21a00,0x000000009df80000)
 Metaspace       used 63639K, committed 65024K, reserved 1114112K
  class space    used 6749K, committed 7360K, reserved 1048576K
}
Event: 69.001 GC heap before
{Heap before GC invocations=327 (full 3):
 PSYoungGen      total 5632K, used 5472K [0x00000000d5580000, 0x00000000d5e80000, 0x0000000100000000)
  eden space 3072K, 100% used [0x00000000d5580000,0x00000000d5880000,0x00000000d5880000)
  from space 2560K, 93% used [0x00000000d5880000,0x00000000d5ad8000,0x00000000d5b00000)
  to   space 2560K, 0% used [0x00000000d5c00000,0x00000000d5c00000,0x00000000d5e80000)
 ParOldGen       total 491008K, used 490630K [0x0000000080000000, 0x000000009df80000, 0x00000000d5580000)
  object space 491008K, 99% used [0x0000000080000000,0x000000009df21a00,0x000000009df80000)
 Metaspace       used 63639K, committed 65024K, reserved 1114112K
  class space    used 6749K, committed 7360K, reserved 1048576K
}
Event: 69.006 GC heap after
{Heap after GC invocations=327 (full 3):
 PSYoungGen      total 6656K, used 2400K [0x00000000d5580000, 0x00000000d5e80000, 0x0000000100000000)
  eden space 4096K, 0% used [0x00000000d5580000,0x00000000d5580000,0x00000000d5980000)
  from space 2560K, 93% used [0x00000000d5c00000,0x00000000d5e58000,0x00000000d5e80000)
  to   space 2560K, 0% used [0x00000000d5980000,0x00000000d5980000,0x00000000d5c00000)
 ParOldGen       total 493056K, used 493006K [0x0000000080000000, 0x000000009e180000, 0x00000000d5580000)
  object space 493056K, 99% used [0x0000000080000000,0x000000009e173a00,0x000000009e180000)
 Metaspace       used 63639K, committed 65024K, reserved 1114112K
  class space    used 6749K, committed 7360K, reserved 1048576K
}
Event: 69.016 GC heap before
{Heap before GC invocations=328 (full 3):
 PSYoungGen      total 6656K, used 6496K [0x00000000d5580000, 0x00000000d5e80000, 0x0000000100000000)
  eden space 4096K, 100% used [0x00000000d5580000,0x00000000d5980000,0x00000000d5980000)
  from space 2560K, 93% used [0x00000000d5c00000,0x00000000d5e58000,0x00000000d5e80000)
  to   space 2560K, 0% used [0x00000000d5980000,0x00000000d5980000,0x00000000d5c00000)
 ParOldGen       total 493056K, used 493006K [0x0000000080000000, 0x000000009e180000, 0x00000000d5580000)
  object space 493056K, 99% used [0x0000000080000000,0x000000009e173a00,0x000000009e180000)
 Metaspace       used 63639K, committed 65024K, reserved 1114112K
  class space    used 6749K, committed 7360K, reserved 1048576K
}
Event: 69.022 GC heap after
{Heap after GC invocations=328 (full 3):
 PSYoungGen      total 6656K, used 2560K [0x00000000d5580000, 0x00000000d6680000, 0x0000000100000000)
  eden space 4096K, 0% used [0x00000000d5580000,0x00000000d5580000,0x00000000d5980000)
  from space 2560K, 100% used [0x00000000d5980000,0x00000000d5c00000,0x00000000d5c00000)
  to   space 6144K, 0% used [0x00000000d6080000,0x00000000d6080000,0x00000000d6680000)
 ParOldGen       total 496128K, used 495902K [0x0000000080000000, 0x000000009e480000, 0x00000000d5580000)
  object space 496128K, 99% used [0x0000000080000000,0x000000009e447a00,0x000000009e480000)
 Metaspace       used 63639K, committed 65024K, reserved 1114112K
  class space    used 6749K, committed 7360K, reserved 1048576K
}
Event: 69.032 GC heap before
{Heap before GC invocations=329 (full 3):
 PSYoungGen      total 6656K, used 6656K [0x00000000d5580000, 0x00000000d6680000, 0x0000000100000000)
  eden space 4096K, 100% used [0x00000000d5580000,0x00000000d5980000,0x00000000d5980000)
  from space 2560K, 100% used [0x00000000d5980000,0x00000000d5c00000,0x00000000d5c00000)
  to   space 6144K, 0% used [0x00000000d6080000,0x00000000d6080000,0x00000000d6680000)
 ParOldGen       total 496128K, used 495902K [0x0000000080000000, 0x000000009e480000, 0x00000000d5580000)
  object space 496128K, 99% used [0x0000000080000000,0x000000009e447a00,0x000000009e480000)
 Metaspace       used 63639K, committed 65024K, reserved 1114112K
  class space    used 6749K, committed 7360K, reserved 1048576K
}
Event: 69.037 GC heap after
{Heap after GC invocations=329 (full 3):
 PSYoungGen      total 8704K, used 3200K [0x00000000d5580000, 0x00000000d6400000, 0x0000000100000000)
  eden space 5120K, 0% used [0x00000000d5580000,0x00000000d5580000,0x00000000d5a80000)
  from space 3584K, 89% used [0x00000000d6080000,0x00000000d63a0000,0x00000000d6400000)
  to   space 4096K, 0% used [0x00000000d5c00000,0x00000000d5c00000,0x00000000d6000000)
 ParOldGen       total 498688K, used 498486K [0x0000000080000000, 0x000000009e700000, 0x00000000d5580000)
  object space 498688K, 99% used [0x0000000080000000,0x000000009e6cda00,0x000000009e700000)
 Metaspace       used 63639K, committed 65024K, reserved 1114112K
  class space    used 6749K, committed 7360K, reserved 1048576K
}
Event: 69.051 GC heap before
{Heap before GC invocations=330 (full 3):
 PSYoungGen      total 8704K, used 8320K [0x00000000d5580000, 0x00000000d6400000, 0x0000000100000000)
  eden space 5120K, 100% used [0x00000000d5580000,0x00000000d5a80000,0x00000000d5a80000)
  from space 3584K, 89% used [0x00000000d6080000,0x00000000d63a0000,0x00000000d6400000)
  to   space 4096K, 0% used [0x00000000d5c00000,0x00000000d5c00000,0x00000000d6000000)
 ParOldGen       total 498688K, used 498486K [0x0000000080000000, 0x000000009e700000, 0x00000000d5580000)
  object space 498688K, 99% used [0x0000000080000000,0x000000009e6cda00,0x000000009e700000)
 Metaspace       used 63639K, committed 65024K, reserved 1114112K
  class space    used 6749K, committed 7360K, reserved 1048576K
}
Event: 69.057 GC heap after
{Heap after GC invocations=330 (full 3):
 PSYoungGen      total 10240K, used 3968K [0x00000000d5580000, 0x00000000d6480000, 0x0000000100000000)
  eden space 6144K, 0% used [0x00000000d5580000,0x00000000d5580000,0x00000000d5b80000)
  from space 4096K, 96% used [0x00000000d5c00000,0x00000000d5fe0000,0x00000000d6000000)
  to   space 4608K, 0% used [0x00000000d6000000,0x00000000d6000000,0x00000000d6480000)
 ParOldGen       total 501760K, used 501622K [0x0000000080000000, 0x000000009ea00000, 0x00000000d5580000)
  object space 501760K, 99% used [0x0000000080000000,0x000000009e9dda00,0x000000009ea00000)
 Metaspace       used 63639K, committed 65024K, reserved 1114112K
  class space    used 6749K, committed 7360K, reserved 1048576K
}
Event: 69.072 GC heap before
{Heap before GC invocations=331 (full 3):
 PSYoungGen      total 10240K, used 10112K [0x00000000d5580000, 0x00000000d6480000, 0x0000000100000000)
  eden space 6144K, 100% used [0x00000000d5580000,0x00000000d5b80000,0x00000000d5b80000)
  from space 4096K, 96% used [0x00000000d5c00000,0x00000000d5fe0000,0x00000000d6000000)
  to   space 4608K, 0% used [0x00000000d6000000,0x00000000d6000000,0x00000000d6480000)
 ParOldGen       total 501760K, used 501622K [0x0000000080000000, 0x000000009ea00000, 0x00000000d5580000)
  object space 501760K, 99% used [0x0000000080000000,0x000000009e9dda00,0x000000009ea00000)
 Metaspace       used 63639K, committed 65024K, reserved 1114112K
  class space    used 6749K, committed 7360K, reserved 1048576K
}
Event: 69.079 GC heap after
{Heap after GC invocations=331 (full 3):
 PSYoungGen      total 5632K, used 4608K [0x00000000d5580000, 0x00000000d7000000, 0x0000000100000000)
  eden space 1024K, 0% used [0x00000000d5580000,0x00000000d5580000,0x00000000d5680000)
  from space 4608K, 100% used [0x00000000d6000000,0x00000000d6480000,0x00000000d6480000)
  to   space 9728K, 0% used [0x00000000d5680000,0x00000000d5680000,0x00000000d6000000)
 ParOldGen       total 505856K, used 505622K [0x0000000080000000, 0x000000009ee00000, 0x00000000d5580000)
  object space 505856K, 99% used [0x0000000080000000,0x000000009edc5a00,0x000000009ee00000)
 Metaspace       used 63639K, committed 65024K, reserved 1114112K
  class space    used 6749K, committed 7360K, reserved 1048576K
}
Event: 69.081 GC heap before
{Heap before GC invocations=332 (full 3):
 PSYoungGen      total 5632K, used 5632K [0x00000000d5580000, 0x00000000d7000000, 0x0000000100000000)
  eden space 1024K, 100% used [0x00000000d5580000,0x00000000d5680000,0x00000000d5680000)
  from space 4608K, 100% used [0x00000000d6000000,0x00000000d6480000,0x00000000d6480000)
  to   space 9728K, 0% used [0x00000000d5680000,0x00000000d5680000,0x00000000d6000000)
 ParOldGen       total 505856K, used 505622K [0x0000000080000000, 0x000000009ee00000, 0x00000000d5580000)
  object space 505856K, 99% used [0x0000000080000000,0x000000009edc5a00,0x000000009ee00000)
 Metaspace       used 63639K, committed 65024K, reserved 1114112K
  class space    used 6749K, committed 7360K, reserved 1048576K
}
Event: 69.087 GC heap after
{Heap after GC invocations=332 (full 3):
 PSYoungGen      total 2048K, used 832K [0x00000000d5580000, 0x00000000d6080000, 0x0000000100000000)
  eden space 1024K, 0% used [0x00000000d5580000,0x00000000d5580000,0x00000000d5680000)
  from space 1024K, 81% used [0x00000000d5680000,0x00000000d5750000,0x00000000d5780000)
  to   space 4096K, 0% used [0x00000000d5c80000,0x00000000d5c80000,0x00000000d6080000)
 ParOldGen       total 510464K, used 510262K [0x0000000080000000, 0x000000009f280000, 0x00000000d5580000)
  object space 510464K, 99% used [0x0000000080000000,0x000000009f24da00,0x000000009f280000)
 Metaspace       used 63639K, committed 65024K, reserved 1114112K
  class space    used 6749K, committed 7360K, reserved 1048576K
}
Event: 116.826 GC heap before
{Heap before GC invocations=333 (full 3):
 PSYoungGen      total 2048K, used 1856K [0x00000000d5580000, 0x00000000d6080000, 0x0000000100000000)
  eden space 1024K, 100% used [0x00000000d5580000,0x00000000d5680000,0x00000000d5680000)
  from space 1024K, 81% used [0x00000000d5680000,0x00000000d5750000,0x00000000d5780000)
  to   space 4096K, 0% used [0x00000000d5c80000,0x00000000d5c80000,0x00000000d6080000)
 ParOldGen       total 510464K, used 510262K [0x0000000080000000, 0x000000009f280000, 0x00000000d5580000)
  object space 510464K, 99% used [0x0000000080000000,0x000000009f24da00,0x000000009f280000)
 Metaspace       used 63689K, committed 65152K, reserved 1114112K
  class space    used 6754K, committed 7424K, reserved 1048576K
}
Event: 116.832 GC heap after
{Heap after GC invocations=333 (full 3):
 PSYoungGen      total 2560K, used 543K [0x00000000d5580000, 0x00000000d5d80000, 0x0000000100000000)
  eden space 1536K, 0% used [0x00000000d5580000,0x00000000d5580000,0x00000000d5700000)
  from space 1024K, 53% used [0x00000000d5c80000,0x00000000d5d07c18,0x00000000d5d80000)
  to   space 1536K, 0% used [0x00000000d5a80000,0x00000000d5a80000,0x00000000d5c00000)
 ParOldGen       total 511488K, used 511046K [0x0000000080000000, 0x000000009f380000, 0x00000000d5580000)
  object space 511488K, 99% used [0x0000000080000000,0x000000009f311a00,0x000000009f380000)
 Metaspace       used 63689K, committed 65152K, reserved 1114112K
  class space    used 6754K, committed 7424K, reserved 1048576K
}
Event: 322.699 GC heap before
{Heap before GC invocations=334 (full 3):
 PSYoungGen      total 2560K, used 2078K [0x00000000d5580000, 0x00000000d5d80000, 0x0000000100000000)
  eden space 1536K, 99% used [0x00000000d5580000,0x00000000d56fffc0,0x00000000d5700000)
  from space 1024K, 53% used [0x00000000d5c80000,0x00000000d5d07c18,0x00000000d5d80000)
  to   space 1536K, 0% used [0x00000000d5a80000,0x00000000d5a80000,0x00000000d5c00000)
 ParOldGen       total 511488K, used 511046K [0x0000000080000000, 0x000000009f380000, 0x00000000d5580000)
  object space 511488K, 99% used [0x0000000080000000,0x000000009f311a00,0x000000009f380000)
 Metaspace       used 63840K, committed 65280K, reserved 1114112K
  class space    used 6775K, committed 7424K, reserved 1048576K
}
Event: 322.706 GC heap after
{Heap after GC invocations=334 (full 3):
 PSYoungGen      total 3584K, used 192K [0x00000000d5580000, 0x00000000d5d00000, 0x0000000100000000)
  eden space 2048K, 0% used [0x00000000d5580000,0x00000000d5580000,0x00000000d5780000)
  from space 1536K, 12% used [0x00000000d5a80000,0x00000000d5ab0000,0x00000000d5c00000)
  to   space 512K, 0% used [0x00000000d5c80000,0x00000000d5c80000,0x00000000d5d00000)
 ParOldGen       total 512000K, used 511531K [0x0000000080000000, 0x000000009f400000, 0x00000000d5580000)
  object space 512000K, 99% used [0x0000000080000000,0x000000009f38ada8,0x000000009f400000)
 Metaspace       used 63840K, committed 65280K, reserved 1114112K
  class space    used 6775K, committed 7424K, reserved 1048576K
}
Event: 506.485 GC heap before
{Heap before GC invocations=335 (full 3):
 PSYoungGen      total 3584K, used 2239K [0x00000000d5580000, 0x00000000d5d00000, 0x0000000100000000)
  eden space 2048K, 99% used [0x00000000d5580000,0x00000000d577fff8,0x00000000d5780000)
  from space 1536K, 12% used [0x00000000d5a80000,0x00000000d5ab0000,0x00000000d5c00000)
  to   space 512K, 0% used [0x00000000d5c80000,0x00000000d5c80000,0x00000000d5d00000)
 ParOldGen       total 512000K, used 511531K [0x0000000080000000, 0x000000009f400000, 0x00000000d5580000)
  object space 512000K, 99% used [0x0000000080000000,0x000000009f38ada8,0x000000009f400000)
 Metaspace       used 64112K, committed 65536K, reserved 1114112K
  class space    used 6809K, committed 7424K, reserved 1048576K
}
Event: 506.489 GC heap after
{Heap after GC invocations=335 (full 3):
 PSYoungGen      total 2560K, used 160K [0x00000000d5580000, 0x00000000d5d00000, 0x0000000100000000)
  eden space 2048K, 0% used [0x00000000d5580000,0x00000000d5580000,0x00000000d5780000)
  from space 512K, 31% used [0x00000000d5c80000,0x00000000d5ca8000,0x00000000d5d00000)
  to   space 512K, 0% used [0x00000000d5c00000,0x00000000d5c00000,0x00000000d5c80000)
 ParOldGen       total 512000K, used 511579K [0x0000000080000000, 0x000000009f400000, 0x00000000d5580000)
  object space 512000K, 99% used [0x0000000080000000,0x000000009f396da8,0x000000009f400000)
 Metaspace       used 64112K, committed 65536K, reserved 1114112K
  class space    used 6809K, committed 7424K, reserved 1048576K
}

