# JRE version: OpenJDK Runtime Environment Temurin-21.0.8+9 (21.0.8+9) (build 21.0.8+9-LTS)
# Java VM: OpenJDK 64-Bit Server VM Temurin-21.0.8+9 (21.0.8+9-LTS, mixed mode, sharing, tiered, compressed oops, compressed class ptrs, parallel gc, windows-amd64)
GC Precious Log:
 CardTable entry size: 512
 CPUs: 4 total, 4 available
 Memory: 6092M
 Large Page Support: Disabled
 NUMA Support: Disabled
 Compressed Oops: Enabled (32-bit)
 Alignments: Space 512K, Generation 512K, Heap 2M
 Heap Min Capacity: 100M
 Heap Initial Capacity: 100M
 Heap Max Capacity: 2G
 Pre-touch: Disabled
 Parallel Workers: 4
Heap:
 PSYoungGen      total 5632K, used 3403K [0x00000000d5580000, 0x00000000d5c00000, 0x0000000100000000)
  eden space 4608K, 67% used [0x00000000d5580000,0x00000000d588af50,0x00000000d5a00000)
  from space 1024K, 28% used [0x00000000d5a00000,0x00000000d5a48000,0x00000000d5b00000)
  to   space 512K, 0% used [0x00000000d5b80000,0x00000000d5b80000,0x00000000d5c00000)
 ParOldGen       total 139264K, used 139190K [0x0000000080000000, 0x0000000088800000, 0x00000000d5580000)
  object space 139264K, 99% used [0x0000000080000000,0x00000000887eda70,0x0000000088800000)
 Metaspace       used 68462K, committed 69760K, reserved 1114112K
  class space    used 7314K, committed 7872K, reserved 1048576K
GC Heap History (20 events):
Event: 244.898 GC heap before
{Heap before GC invocations=57 (full 3):
 PSYoungGen      total 3072K, used 2685K [0x00000000d5580000, 0x00000000d6280000, 0x0000000100000000)
  eden space 1536K, 99% used [0x00000000d5580000,0x00000000d56ff400,0x00000000d5700000)
  from space 1536K, 75% used [0x00000000d5700000,0x00000000d5820000,0x00000000d5880000)
  to   space 4608K, 0% used [0x00000000d5e00000,0x00000000d5e00000,0x00000000d6280000)
 ParOldGen       total 128512K, used 128139K [0x0000000080000000, 0x0000000087d80000, 0x00000000d5580000)
  object space 128512K, 99% used [0x0000000080000000,0x0000000087d22ed8,0x0000000087d80000)
 Metaspace       used 65991K, committed 67328K, reserved 1114112K
  class space    used 7056K, committed 7616K, reserved 1048576K
}
Event: 244.901 GC heap after
{Heap after GC invocations=57 (full 3):
 PSYoungGen      total 2560K, used 384K [0x00000000d5580000, 0x00000000d5e80000, 0x0000000100000000)
  eden space 2048K, 0% used [0x00000000d5580000,0x00000000d5580000,0x00000000d5780000)
  from space 512K, 75% used [0x00000000d5e00000,0x00000000d5e60000,0x00000000d5e80000)
  to   space 1536K, 0% used [0x00000000d5b80000,0x00000000d5b80000,0x00000000d5d00000)
 ParOldGen       total 129536K, used 129275K [0x0000000080000000, 0x0000000087e80000, 0x00000000d5580000)
  object space 129536K, 99% used [0x0000000080000000,0x0000000087e3eed8,0x0000000087e80000)
 Metaspace       used 65991K, committed 67328K, reserved 1114112K
  class space    used 7056K, committed 7616K, reserved 1048576K
}
Event: 244.907 GC heap before
{Heap before GC invocations=58 (full 3):
 PSYoungGen      total 2560K, used 2432K [0x00000000d5580000, 0x00000000d5e80000, 0x0000000100000000)
  eden space 2048K, 100% used [0x00000000d5580000,0x00000000d5780000,0x00000000d5780000)
  from space 512K, 75% used [0x00000000d5e00000,0x00000000d5e60000,0x00000000d5e80000)
  to   space 1536K, 0% used [0x00000000d5b80000,0x00000000d5b80000,0x00000000d5d00000)
 ParOldGen       total 129536K, used 129275K [0x0000000080000000, 0x0000000087e80000, 0x00000000d5580000)
  object space 129536K, 99% used [0x0000000080000000,0x0000000087e3eed8,0x0000000087e80000)
 Metaspace       used 65991K, committed 67328K, reserved 1114112K
  class space    used 7056K, committed 7616K, reserved 1048576K
}
Event: 244.910 GC heap after
{Heap after GC invocations=58 (full 3):
 PSYoungGen      total 4096K, used 1536K [0x00000000d5580000, 0x00000000d5e80000, 0x0000000100000000)
  eden space 2560K, 0% used [0x00000000d5580000,0x00000000d5580000,0x00000000d5800000)
  from space 1536K, 100% used [0x00000000d5b80000,0x00000000d5d00000,0x00000000d5d00000)
  to   space 1536K, 0% used [0x00000000d5d00000,0x00000000d5d00000,0x00000000d5e80000)
 ParOldGen       total 130048K, used 129587K [0x0000000080000000, 0x0000000087f00000, 0x00000000d5580000)
  object space 130048K, 99% used [0x0000000080000000,0x0000000087e8ced8,0x0000000087f00000)
 Metaspace       used 65991K, committed 67328K, reserved 1114112K
  class space    used 7056K, committed 7616K, reserved 1048576K
}
Event: 244.925 GC heap before
{Heap before GC invocations=59 (full 3):
 PSYoungGen      total 4096K, used 4096K [0x00000000d5580000, 0x00000000d5e80000, 0x0000000100000000)
  eden space 2560K, 100% used [0x00000000d5580000,0x00000000d5800000,0x00000000d5800000)
  from space 1536K, 100% used [0x00000000d5b80000,0x00000000d5d00000,0x00000000d5d00000)
  to   space 1536K, 0% used [0x00000000d5d00000,0x00000000d5d00000,0x00000000d5e80000)
 ParOldGen       total 130048K, used 129587K [0x0000000080000000, 0x0000000087f00000, 0x00000000d5580000)
  object space 130048K, 99% used [0x0000000080000000,0x0000000087e8ced8,0x0000000087f00000)
 Metaspace       used 66011K, committed 67328K, reserved 1114112K
  class space    used 7056K, committed 7616K, reserved 1048576K
}
Event: 244.928 GC heap after
{Heap after GC invocations=59 (full 3):
 PSYoungGen      total 5120K, used 1536K [0x00000000d5580000, 0x00000000d6000000, 0x0000000100000000)
  eden space 3584K, 0% used [0x00000000d5580000,0x00000000d5580000,0x00000000d5900000)
  from space 1536K, 100% used [0x00000000d5d00000,0x00000000d5e80000,0x00000000d5e80000)
  to   space 3584K, 0% used [0x00000000d5900000,0x00000000d5900000,0x00000000d5c80000)
 ParOldGen       total 131584K, used 131320K [0x0000000080000000, 0x0000000088080000, 0x00000000d5580000)
  object space 131584K, 99% used [0x0000000080000000,0x000000008803e358,0x0000000088080000)
 Metaspace       used 66011K, committed 67328K, reserved 1114112K
  class space    used 7056K, committed 7616K, reserved 1048576K
}
Event: 244.942 GC heap before
{Heap before GC invocations=60 (full 3):
 PSYoungGen      total 5120K, used 5120K [0x00000000d5580000, 0x00000000d6000000, 0x0000000100000000)
  eden space 3584K, 100% used [0x00000000d5580000,0x00000000d5900000,0x00000000d5900000)
  from space 1536K, 100% used [0x00000000d5d00000,0x00000000d5e80000,0x00000000d5e80000)
  to   space 3584K, 0% used [0x00000000d5900000,0x00000000d5900000,0x00000000d5c80000)
 ParOldGen       total 131584K, used 131320K [0x0000000080000000, 0x0000000088080000, 0x00000000d5580000)
  object space 131584K, 99% used [0x0000000080000000,0x000000008803e358,0x0000000088080000)
 Metaspace       used 66013K, committed 67328K, reserved 1114112K
  class space    used 7056K, committed 7616K, reserved 1048576K
}
Event: 244.948 GC heap after
{Heap after GC invocations=60 (full 3):
 PSYoungGen      total 7168K, used 2704K [0x00000000d5580000, 0x00000000d6000000, 0x0000000100000000)
  eden space 3584K, 0% used [0x00000000d5580000,0x00000000d5580000,0x00000000d5900000)
  from space 3584K, 75% used [0x00000000d5900000,0x00000000d5ba4010,0x00000000d5c80000)
  to   space 3072K, 0% used [0x00000000d5d00000,0x00000000d5d00000,0x00000000d6000000)
 ParOldGen       total 133120K, used 132880K [0x0000000080000000, 0x0000000088200000, 0x00000000d5580000)
  object space 133120K, 99% used [0x0000000080000000,0x00000000881c4358,0x0000000088200000)
 Metaspace       used 66013K, committed 67328K, reserved 1114112K
  class space    used 7056K, committed 7616K, reserved 1048576K
}
Event: 244.998 GC heap before
{Heap before GC invocations=61 (full 3):
 PSYoungGen      total 7168K, used 6288K [0x00000000d5580000, 0x00000000d6000000, 0x0000000100000000)
  eden space 3584K, 100% used [0x00000000d5580000,0x00000000d5900000,0x00000000d5900000)
  from space 3584K, 75% used [0x00000000d5900000,0x00000000d5ba4010,0x00000000d5c80000)
  to   space 3072K, 0% used [0x00000000d5d00000,0x00000000d5d00000,0x00000000d6000000)
 ParOldGen       total 133120K, used 132880K [0x0000000080000000, 0x0000000088200000, 0x00000000d5580000)
  object space 133120K, 99% used [0x0000000080000000,0x00000000881c4358,0x0000000088200000)
 Metaspace       used 66110K, committed 67520K, reserved 1114112K
  class space    used 7059K, committed 7680K, reserved 1048576K
}
Event: 245.004 GC heap after
{Heap after GC invocations=61 (full 3):
 PSYoungGen      total 7680K, used 2496K [0x00000000d5580000, 0x00000000d6000000, 0x0000000100000000)
  eden space 4608K, 0% used [0x00000000d5580000,0x00000000d5580000,0x00000000d5a00000)
  from space 3072K, 81% used [0x00000000d5d00000,0x00000000d5f70000,0x00000000d6000000)
  to   space 3072K, 0% used [0x00000000d5a00000,0x00000000d5a00000,0x00000000d5d00000)
 ParOldGen       total 135680K, used 135576K [0x0000000080000000, 0x0000000088480000, 0x00000000d5580000)
  object space 135680K, 99% used [0x0000000080000000,0x0000000088466368,0x0000000088480000)
 Metaspace       used 66110K, committed 67520K, reserved 1114112K
  class space    used 7059K, committed 7680K, reserved 1048576K
}
Event: 245.300 GC heap before
{Heap before GC invocations=62 (full 3):
 PSYoungGen      total 7680K, used 7104K [0x00000000d5580000, 0x00000000d6000000, 0x0000000100000000)
  eden space 4608K, 100% used [0x00000000d5580000,0x00000000d5a00000,0x00000000d5a00000)
  from space 3072K, 81% used [0x00000000d5d00000,0x00000000d5f70000,0x00000000d6000000)
  to   space 3072K, 0% used [0x00000000d5a00000,0x00000000d5a00000,0x00000000d5d00000)
 ParOldGen       total 135680K, used 135576K [0x0000000080000000, 0x0000000088480000, 0x00000000d5580000)
  object space 135680K, 99% used [0x0000000080000000,0x0000000088466368,0x0000000088480000)
 Metaspace       used 66719K, committed 68032K, reserved 1114112K
  class space    used 7103K, committed 7680K, reserved 1048576K
}
Event: 245.305 GC heap after
{Heap after GC invocations=62 (full 3):
 PSYoungGen      total 5632K, used 875K [0x00000000d5580000, 0x00000000d5d80000, 0x0000000100000000)
  eden space 4608K, 0% used [0x00000000d5580000,0x00000000d5580000,0x00000000d5a00000)
  from space 1024K, 85% used [0x00000000d5a00000,0x00000000d5adaf88,0x00000000d5b00000)
  to   space 1536K, 0% used [0x00000000d5c00000,0x00000000d5c00000,0x00000000d5d80000)
 ParOldGen       total 138240K, used 137992K [0x0000000080000000, 0x0000000088700000, 0x00000000d5580000)
  object space 138240K, 99% used [0x0000000080000000,0x00000000886c2388,0x0000000088700000)
 Metaspace       used 66719K, committed 68032K, reserved 1114112K
  class space    used 7103K, committed 7680K, reserved 1048576K
}
Event: 245.646 GC heap before
{Heap before GC invocations=63 (full 3):
 PSYoungGen      total 5632K, used 5483K [0x00000000d5580000, 0x00000000d5d80000, 0x0000000100000000)
  eden space 4608K, 100% used [0x00000000d5580000,0x00000000d5a00000,0x00000000d5a00000)
  from space 1024K, 85% used [0x00000000d5a00000,0x00000000d5adaf88,0x00000000d5b00000)
  to   space 1536K, 0% used [0x00000000d5c00000,0x00000000d5c00000,0x00000000d5d80000)
 ParOldGen       total 138240K, used 137992K [0x0000000080000000, 0x0000000088700000, 0x00000000d5580000)
  object space 138240K, 99% used [0x0000000080000000,0x00000000886c2388,0x0000000088700000)
 Metaspace       used 66979K, committed 68224K, reserved 1114112K
  class space    used 7145K, committed 7680K, reserved 1048576K
}
Event: 245.649 GC heap after
{Heap after GC invocations=63 (full 3):
 PSYoungGen      total 6144K, used 1160K [0x00000000d5580000, 0x00000000d5d80000, 0x0000000100000000)
  eden space 4608K, 0% used [0x00000000d5580000,0x00000000d5580000,0x00000000d5a00000)
  from space 1536K, 75% used [0x00000000d5c00000,0x00000000d5d222f0,0x00000000d5d80000)
  to   space 1536K, 0% used [0x00000000d5a80000,0x00000000d5a80000,0x00000000d5c00000)
 ParOldGen       total 138752K, used 138645K [0x0000000080000000, 0x0000000088780000, 0x00000000d5580000)
  object space 138752K, 99% used [0x0000000080000000,0x0000000088765608,0x0000000088780000)
 Metaspace       used 66979K, committed 68224K, reserved 1114112K
  class space    used 7145K, committed 7680K, reserved 1048576K
}
Event: 245.900 GC heap before
{Heap before GC invocations=64 (full 3):
 PSYoungGen      total 6144K, used 5768K [0x00000000d5580000, 0x00000000d5d80000, 0x0000000100000000)
  eden space 4608K, 100% used [0x00000000d5580000,0x00000000d5a00000,0x00000000d5a00000)
  from space 1536K, 75% used [0x00000000d5c00000,0x00000000d5d222f0,0x00000000d5d80000)
  to   space 1536K, 0% used [0x00000000d5a80000,0x00000000d5a80000,0x00000000d5c00000)
 ParOldGen       total 138752K, used 138645K [0x0000000080000000, 0x0000000088780000, 0x00000000d5580000)
  object space 138752K, 99% used [0x0000000080000000,0x0000000088765608,0x0000000088780000)
 Metaspace       used 67120K, committed 68352K, reserved 1114112K
  class space    used 7148K, committed 7680K, reserved 1048576K
}
Event: 245.901 GC heap after
{Heap after GC invocations=64 (full 3):
 PSYoungGen      total 5120K, used 128K [0x00000000d5580000, 0x00000000d5c80000, 0x0000000100000000)
  eden space 4608K, 0% used [0x00000000d5580000,0x00000000d5580000,0x00000000d5a00000)
  from space 512K, 25% used [0x00000000d5a80000,0x00000000d5aa0000,0x00000000d5b00000)
  to   space 1024K, 0% used [0x00000000d5b80000,0x00000000d5b80000,0x00000000d5c80000)
 ParOldGen       total 139264K, used 138989K [0x0000000080000000, 0x0000000088800000, 0x00000000d5580000)
  object space 139264K, 99% used [0x0000000080000000,0x00000000887bb608,0x0000000088800000)
 Metaspace       used 67120K, committed 68352K, reserved 1114112K
  class space    used 7148K, committed 7680K, reserved 1048576K
}
Event: 246.619 GC heap before
{Heap before GC invocations=65 (full 3):
 PSYoungGen      total 5120K, used 4735K [0x00000000d5580000, 0x00000000d5c80000, 0x0000000100000000)
  eden space 4608K, 99% used [0x00000000d5580000,0x00000000d59ffff8,0x00000000d5a00000)
  from space 512K, 25% used [0x00000000d5a80000,0x00000000d5aa0000,0x00000000d5b00000)
  to   space 1024K, 0% used [0x00000000d5b80000,0x00000000d5b80000,0x00000000d5c80000)
 ParOldGen       total 139264K, used 138989K [0x0000000080000000, 0x0000000088800000, 0x00000000d5580000)
  object space 139264K, 99% used [0x0000000080000000,0x00000000887bb608,0x0000000088800000)
 Metaspace       used 67710K, committed 68992K, reserved 1114112K
  class space    used 7237K, committed 7808K, reserved 1048576K
}
Event: 246.621 GC heap after
{Heap after GC invocations=65 (full 3):
 PSYoungGen      total 5120K, used 512K [0x00000000d5580000, 0x00000000d5c00000, 0x0000000100000000)
  eden space 4608K, 0% used [0x00000000d5580000,0x00000000d5580000,0x00000000d5a00000)
  from space 512K, 100% used [0x00000000d5b80000,0x00000000d5c00000,0x00000000d5c00000)
  to   space 1024K, 0% used [0x00000000d5a00000,0x00000000d5a00000,0x00000000d5b00000)
 ParOldGen       total 139264K, used 139029K [0x0000000080000000, 0x0000000088800000, 0x00000000d5580000)
  object space 139264K, 99% used [0x0000000080000000,0x00000000887c5618,0x0000000088800000)
 Metaspace       used 67710K, committed 68992K, reserved 1114112K
  class space    used 7237K, committed 7808K, reserved 1048576K
}
Event: 247.191 GC heap before
{Heap before GC invocations=66 (full 3):
 PSYoungGen      total 5120K, used 5120K [0x00000000d5580000, 0x00000000d5c00000, 0x0000000100000000)
  eden space 4608K, 100% used [0x00000000d5580000,0x00000000d5a00000,0x00000000d5a00000)
  from space 512K, 100% used [0x00000000d5b80000,0x00000000d5c00000,0x00000000d5c00000)
  to   space 1024K, 0% used [0x00000000d5a00000,0x00000000d5a00000,0x00000000d5b00000)
 ParOldGen       total 139264K, used 139029K [0x0000000080000000, 0x0000000088800000, 0x00000000d5580000)
  object space 139264K, 99% used [0x0000000080000000,0x00000000887c5618,0x0000000088800000)
 Metaspace       used 68139K, committed 69440K, reserved 1114112K
  class space    used 7289K, committed 7872K, reserved 1048576K
}
Event: 247.194 GC heap after
{Heap after GC invocations=66 (full 3):
 PSYoungGen      total 5632K, used 288K [0x00000000d5580000, 0x00000000d5c00000, 0x0000000100000000)
  eden space 4608K, 0% used [0x00000000d5580000,0x00000000d5580000,0x00000000d5a00000)
  from space 1024K, 28% used [0x00000000d5a00000,0x00000000d5a48000,0x00000000d5b00000)
  to   space 512K, 0% used [0x00000000d5b80000,0x00000000d5b80000,0x00000000d5c00000)
 ParOldGen       total 139264K, used 139190K [0x0000000080000000, 0x0000000088800000, 0x00000000d5580000)
  object space 139264K, 99% used [0x0000000080000000,0x00000000887eda70,0x0000000088800000)
 Metaspace       used 68139K, committed 69440K, reserved 1114112K
  class space    used 7289K, committed 7872K, reserved 1048576K
}

