# JRE version: OpenJDK Runtime Environment Temurin-21.0.8+9 (21.0.8+9) (build 21.0.8+9-LTS)
# Java VM: OpenJDK 64-Bit Server VM Temurin-21.0.8+9 (21.0.8+9-LTS, mixed mode, sharing, tiered, compressed oops, compressed class ptrs, parallel gc, windows-amd64)
GC Precious Log:
 CardTable entry size: 512
 CPUs: 4 total, 4 available
 Memory: 6092M
 Large Page Support: Disabled
 NUMA Support: Disabled
 Compressed Oops: Enabled (32-bit)
 Alignments: Space 512K, Generation 512K, Heap 2M
 Heap Min Capacity: 100M
 Heap Initial Capacity: 100M
 Heap Max Capacity: 2G
 Pre-touch: Disabled
 Parallel Workers: 4
Heap:
 PSYoungGen      total 16896K, used 4483K [0x00000000d5580000, 0x00000000d7000000, 0x0000000100000000)
  eden space 15360K, 24% used [0x00000000d5580000,0x00000000d5935318,0x00000000d6480000)
  from space 1536K, 44% used [0x00000000d6d00000,0x00000000d6dabc10,0x00000000d6e80000)
  to   space 1024K, 0% used [0x00000000d6f00000,0x00000000d6f00000,0x00000000d7000000)
 ParOldGen       total 124416K, used 124019K [0x0000000080000000, 0x0000000087980000, 0x00000000d5580000)
  object space 124416K, 99% used [0x0000000080000000,0x000000008791ce70,0x0000000087980000)
 Metaspace       used 64399K, committed 65856K, reserved 1114112K
  class space    used 6777K, committed 7424K, reserved 1048576K
GC Heap History (20 events):
Event: 75.806 GC heap before
{Heap before GC invocations=39 (full 3):
 PSYoungGen      total 16384K, used 15360K [0x00000000d5580000, 0x00000000d6780000, 0x0000000100000000)
  eden space 15360K, 100% used [0x00000000d5580000,0x00000000d6480000,0x00000000d6480000)
  from space 1024K, 0% used [0x00000000d6480000,0x00000000d6480000,0x00000000d6580000)
  to   space 1536K, 0% used [0x00000000d6600000,0x00000000d6600000,0x00000000d6780000)
 ParOldGen       total 68608K, used 40980K [0x0000000080000000, 0x0000000084300000, 0x00000000d5580000)
  object space 68608K, 59% used [0x0000000080000000,0x0000000082805308,0x0000000084300000)
 Metaspace       used 59271K, committed 60608K, reserved 1114112K
  class space    used 6320K, committed 6912K, reserved 1048576K
}
Event: 75.809 GC heap after
{Heap after GC invocations=39 (full 3):
 PSYoungGen      total 16896K, used 1024K [0x00000000d5580000, 0x00000000d6780000, 0x0000000100000000)
  eden space 15360K, 0% used [0x00000000d5580000,0x00000000d5580000,0x00000000d6480000)
  from space 1536K, 66% used [0x00000000d6600000,0x00000000d6700060,0x00000000d6780000)
  to   space 1536K, 0% used [0x00000000d6480000,0x00000000d6480000,0x00000000d6600000)
 ParOldGen       total 68608K, used 42302K [0x0000000080000000, 0x0000000084300000, 0x00000000d5580000)
  object space 68608K, 61% used [0x0000000080000000,0x000000008294fa88,0x0000000084300000)
 Metaspace       used 59271K, committed 60608K, reserved 1114112K
  class space    used 6320K, committed 6912K, reserved 1048576K
}
Event: 76.143 GC heap before
{Heap before GC invocations=40 (full 3):
 PSYoungGen      total 16896K, used 14448K [0x00000000d5580000, 0x00000000d6780000, 0x0000000100000000)
  eden space 15360K, 87% used [0x00000000d5580000,0x00000000d629c078,0x00000000d6480000)
  from space 1536K, 66% used [0x00000000d6600000,0x00000000d6700060,0x00000000d6780000)
  to   space 1536K, 0% used [0x00000000d6480000,0x00000000d6480000,0x00000000d6600000)
 ParOldGen       total 68608K, used 42302K [0x0000000080000000, 0x0000000084300000, 0x00000000d5580000)
  object space 68608K, 61% used [0x0000000080000000,0x000000008294fa88,0x0000000084300000)
 Metaspace       used 59961K, committed 61312K, reserved 1114112K
  class space    used 6387K, committed 6976K, reserved 1048576K
}
Event: 76.147 GC heap after
{Heap after GC invocations=40 (full 3):
 PSYoungGen      total 16896K, used 1128K [0x00000000d5580000, 0x00000000d6780000, 0x0000000100000000)
  eden space 15360K, 0% used [0x00000000d5580000,0x00000000d5580000,0x00000000d6480000)
  from space 1536K, 73% used [0x00000000d6480000,0x00000000d659a1c8,0x00000000d6600000)
  to   space 1536K, 0% used [0x00000000d6600000,0x00000000d6600000,0x00000000d6780000)
 ParOldGen       total 68608K, used 46081K [0x0000000080000000, 0x0000000084300000, 0x00000000d5580000)
  object space 68608K, 67% used [0x0000000080000000,0x0000000082d00798,0x0000000084300000)
 Metaspace       used 59961K, committed 61312K, reserved 1114112K
  class space    used 6387K, committed 6976K, reserved 1048576K
}
Event: 76.764 GC heap before
{Heap before GC invocations=41 (full 3):
 PSYoungGen      total 16896K, used 16488K [0x00000000d5580000, 0x00000000d6780000, 0x0000000100000000)
  eden space 15360K, 100% used [0x00000000d5580000,0x00000000d6480000,0x00000000d6480000)
  from space 1536K, 73% used [0x00000000d6480000,0x00000000d659a1c8,0x00000000d6600000)
  to   space 1536K, 0% used [0x00000000d6600000,0x00000000d6600000,0x00000000d6780000)
 ParOldGen       total 91136K, used 83420K [0x0000000080000000, 0x0000000085900000, 0x00000000d5580000)
  object space 91136K, 91% used [0x0000000080000000,0x00000000851772e8,0x0000000085900000)
 Metaspace       used 60027K, committed 61376K, reserved 1114112K
  class space    used 6390K, committed 6976K, reserved 1048576K
}
Event: 76.767 GC heap after
{Heap after GC invocations=41 (full 3):
 PSYoungGen      total 16896K, used 1344K [0x00000000d5580000, 0x00000000d6780000, 0x0000000100000000)
  eden space 15360K, 0% used [0x00000000d5580000,0x00000000d5580000,0x00000000d6480000)
  from space 1536K, 87% used [0x00000000d6600000,0x00000000d6750000,0x00000000d6780000)
  to   space 1536K, 0% used [0x00000000d6480000,0x00000000d6480000,0x00000000d6600000)
 ParOldGen       total 91136K, used 84041K [0x0000000080000000, 0x0000000085900000, 0x00000000d5580000)
  object space 91136K, 92% used [0x0000000080000000,0x0000000085212740,0x0000000085900000)
 Metaspace       used 60027K, committed 61376K, reserved 1114112K
  class space    used 6390K, committed 6976K, reserved 1048576K
}
Event: 77.089 GC heap before
{Heap before GC invocations=42 (full 3):
 PSYoungGen      total 16896K, used 16704K [0x00000000d5580000, 0x00000000d6780000, 0x0000000100000000)
  eden space 15360K, 100% used [0x00000000d5580000,0x00000000d6480000,0x00000000d6480000)
  from space 1536K, 87% used [0x00000000d6600000,0x00000000d6750000,0x00000000d6780000)
  to   space 1536K, 0% used [0x00000000d6480000,0x00000000d6480000,0x00000000d6600000)
 ParOldGen       total 91136K, used 84041K [0x0000000080000000, 0x0000000085900000, 0x00000000d5580000)
  object space 91136K, 92% used [0x0000000080000000,0x0000000085212740,0x0000000085900000)
 Metaspace       used 60031K, committed 61376K, reserved 1114112K
  class space    used 6390K, committed 6976K, reserved 1048576K
}
Event: 77.101 GC heap after
{Heap after GC invocations=42 (full 3):
 PSYoungGen      total 16896K, used 1536K [0x00000000d5580000, 0x00000000d8080000, 0x0000000100000000)
  eden space 15360K, 0% used [0x00000000d5580000,0x00000000d5580000,0x00000000d6480000)
  from space 1536K, 100% used [0x00000000d6480000,0x00000000d6600000,0x00000000d6600000)
  to   space 14336K, 0% used [0x00000000d7280000,0x00000000d7280000,0x00000000d8080000)
 ParOldGen       total 95232K, used 94881K [0x0000000080000000, 0x0000000085d00000, 0x00000000d5580000)
  object space 95232K, 99% used [0x0000000080000000,0x0000000085ca8740,0x0000000085d00000)
 Metaspace       used 60031K, committed 61376K, reserved 1114112K
  class space    used 6390K, committed 6976K, reserved 1048576K
}
Event: 77.289 GC heap before
{Heap before GC invocations=43 (full 3):
 PSYoungGen      total 16896K, used 16896K [0x00000000d5580000, 0x00000000d8080000, 0x0000000100000000)
  eden space 15360K, 100% used [0x00000000d5580000,0x00000000d6480000,0x00000000d6480000)
  from space 1536K, 100% used [0x00000000d6480000,0x00000000d6600000,0x00000000d6600000)
  to   space 14336K, 0% used [0x00000000d7280000,0x00000000d7280000,0x00000000d8080000)
 ParOldGen       total 95232K, used 94881K [0x0000000080000000, 0x0000000085d00000, 0x00000000d5580000)
  object space 95232K, 99% used [0x0000000080000000,0x0000000085ca8740,0x0000000085d00000)
 Metaspace       used 60033K, committed 61376K, reserved 1114112K
  class space    used 6390K, committed 6976K, reserved 1048576K
}
Event: 77.310 GC heap after
{Heap after GC invocations=43 (full 3):
 PSYoungGen      total 27648K, used 11840K [0x00000000d5580000, 0x00000000d7e80000, 0x0000000100000000)
  eden space 15360K, 0% used [0x00000000d5580000,0x00000000d5580000,0x00000000d6480000)
  from space 12288K, 96% used [0x00000000d7280000,0x00000000d7e10000,0x00000000d7e80000)
  to   space 12288K, 0% used [0x00000000d6680000,0x00000000d6680000,0x00000000d7280000)
 ParOldGen       total 96768K, used 96433K [0x0000000080000000, 0x0000000085e80000, 0x00000000d5580000)
  object space 96768K, 99% used [0x0000000080000000,0x0000000085e2c740,0x0000000085e80000)
 Metaspace       used 60033K, committed 61376K, reserved 1114112K
  class space    used 6390K, committed 6976K, reserved 1048576K
}
Event: 77.511 GC heap before
{Heap before GC invocations=44 (full 3):
 PSYoungGen      total 27648K, used 27200K [0x00000000d5580000, 0x00000000d7e80000, 0x0000000100000000)
  eden space 15360K, 100% used [0x00000000d5580000,0x00000000d6480000,0x00000000d6480000)
  from space 12288K, 96% used [0x00000000d7280000,0x00000000d7e10000,0x00000000d7e80000)
  to   space 12288K, 0% used [0x00000000d6680000,0x00000000d6680000,0x00000000d7280000)
 ParOldGen       total 96768K, used 96433K [0x0000000080000000, 0x0000000085e80000, 0x00000000d5580000)
  object space 96768K, 99% used [0x0000000080000000,0x0000000085e2c740,0x0000000085e80000)
 Metaspace       used 60033K, committed 61376K, reserved 1114112K
  class space    used 6390K, committed 6976K, reserved 1048576K
}
Event: 77.554 GC heap after
{Heap after GC invocations=44 (full 3):
 PSYoungGen      total 27136K, used 11776K [0x00000000d5580000, 0x00000000d7c80000, 0x0000000100000000)
  eden space 15360K, 0% used [0x00000000d5580000,0x00000000d5580000,0x00000000d6480000)
  from space 11776K, 100% used [0x00000000d6680000,0x00000000d7200000,0x00000000d7200000)
  to   space 10752K, 0% used [0x00000000d7200000,0x00000000d7200000,0x00000000d7c80000)
 ParOldGen       total 108544K, used 108257K [0x0000000080000000, 0x0000000086a00000, 0x00000000d5580000)
  object space 108544K, 99% used [0x0000000080000000,0x00000000869b8740,0x0000000086a00000)
 Metaspace       used 60033K, committed 61376K, reserved 1114112K
  class space    used 6390K, committed 6976K, reserved 1048576K
}
Event: 112.821 GC heap before
{Heap before GC invocations=45 (full 3):
 PSYoungGen      total 27136K, used 27136K [0x00000000d5580000, 0x00000000d7c80000, 0x0000000100000000)
  eden space 15360K, 100% used [0x00000000d5580000,0x00000000d6480000,0x00000000d6480000)
  from space 11776K, 100% used [0x00000000d6680000,0x00000000d7200000,0x00000000d7200000)
  to   space 10752K, 0% used [0x00000000d7200000,0x00000000d7200000,0x00000000d7c80000)
 ParOldGen       total 108544K, used 108257K [0x0000000080000000, 0x0000000086a00000, 0x00000000d5580000)
  object space 108544K, 99% used [0x0000000080000000,0x00000000869b8740,0x0000000086a00000)
 Metaspace       used 61171K, committed 62464K, reserved 1114112K
  class space    used 6478K, committed 7040K, reserved 1048576K
}
Event: 112.840 GC heap after
{Heap after GC invocations=45 (full 3):
 PSYoungGen      total 19456K, used 3728K [0x00000000d5580000, 0x00000000d7600000, 0x0000000100000000)
  eden space 15360K, 0% used [0x00000000d5580000,0x00000000d5580000,0x00000000d6480000)
  from space 4096K, 91% used [0x00000000d7200000,0x00000000d75a4010,0x00000000d7600000)
  to   space 7168K, 0% used [0x00000000d6800000,0x00000000d6800000,0x00000000d6f00000)
 ParOldGen       total 120320K, used 120025K [0x0000000080000000, 0x0000000087580000, 0x00000000d5580000)
  object space 120320K, 99% used [0x0000000080000000,0x0000000087536740,0x0000000087580000)
 Metaspace       used 61171K, committed 62464K, reserved 1114112K
  class space    used 6478K, committed 7040K, reserved 1048576K
}
Event: 119.700 GC heap before
{Heap before GC invocations=46 (full 3):
 PSYoungGen      total 19456K, used 19088K [0x00000000d5580000, 0x00000000d7600000, 0x0000000100000000)
  eden space 15360K, 100% used [0x00000000d5580000,0x00000000d6480000,0x00000000d6480000)
  from space 4096K, 91% used [0x00000000d7200000,0x00000000d75a4010,0x00000000d7600000)
  to   space 7168K, 0% used [0x00000000d6800000,0x00000000d6800000,0x00000000d6f00000)
 ParOldGen       total 120320K, used 120025K [0x0000000080000000, 0x0000000087580000, 0x00000000d5580000)
  object space 120320K, 99% used [0x0000000080000000,0x0000000087536740,0x0000000087580000)
 Metaspace       used 62233K, committed 63552K, reserved 1114112K
  class space    used 6576K, committed 7168K, reserved 1048576K
}
Event: 119.706 GC heap after
{Heap after GC invocations=46 (full 3):
 PSYoungGen      total 22528K, used 1609K [0x00000000d5580000, 0x00000000d7280000, 0x0000000100000000)
  eden space 15360K, 0% used [0x00000000d5580000,0x00000000d5580000,0x00000000d6480000)
  from space 7168K, 22% used [0x00000000d6800000,0x00000000d6992628,0x00000000d6f00000)
  to   space 3072K, 0% used [0x00000000d6f80000,0x00000000d6f80000,0x00000000d7280000)
 ParOldGen       total 123392K, used 123211K [0x0000000080000000, 0x0000000087880000, 0x00000000d5580000)
  object space 123392K, 99% used [0x0000000080000000,0x0000000087852e70,0x0000000087880000)
 Metaspace       used 62233K, committed 63552K, reserved 1114112K
  class space    used 6576K, committed 7168K, reserved 1048576K
}
Event: 131.221 GC heap before
{Heap before GC invocations=47 (full 3):
 PSYoungGen      total 22528K, used 15519K [0x00000000d5580000, 0x00000000d7280000, 0x0000000100000000)
  eden space 15360K, 90% used [0x00000000d5580000,0x00000000d63155e8,0x00000000d6480000)
  from space 7168K, 22% used [0x00000000d6800000,0x00000000d6992628,0x00000000d6f00000)
  to   space 3072K, 0% used [0x00000000d6f80000,0x00000000d6f80000,0x00000000d7280000)
 ParOldGen       total 123392K, used 123211K [0x0000000080000000, 0x0000000087880000, 0x00000000d5580000)
  object space 123392K, 99% used [0x0000000080000000,0x0000000087852e70,0x0000000087880000)
 Metaspace       used 63694K, committed 65152K, reserved 1114112K
  class space    used 6739K, committed 7360K, reserved 1048576K
}
Event: 131.224 GC heap after
{Heap after GC invocations=47 (full 3):
 PSYoungGen      total 15872K, used 416K [0x00000000d5580000, 0x00000000d7000000, 0x0000000100000000)
  eden space 15360K, 0% used [0x00000000d5580000,0x00000000d5580000,0x00000000d6480000)
  from space 512K, 81% used [0x00000000d6f80000,0x00000000d6fe8000,0x00000000d7000000)
  to   space 1536K, 0% used [0x00000000d6d00000,0x00000000d6d00000,0x00000000d6e80000)
 ParOldGen       total 123904K, used 123691K [0x0000000080000000, 0x0000000087900000, 0x00000000d5580000)
  object space 123904K, 99% used [0x0000000080000000,0x00000000878cae70,0x0000000087900000)
 Metaspace       used 63694K, committed 65152K, reserved 1114112K
  class space    used 6739K, committed 7360K, reserved 1048576K
}
Event: 164.699 GC heap before
{Heap before GC invocations=48 (full 3):
 PSYoungGen      total 15872K, used 15776K [0x00000000d5580000, 0x00000000d7000000, 0x0000000100000000)
  eden space 15360K, 100% used [0x00000000d5580000,0x00000000d6480000,0x00000000d6480000)
  from space 512K, 81% used [0x00000000d6f80000,0x00000000d6fe8000,0x00000000d7000000)
  to   space 1536K, 0% used [0x00000000d6d00000,0x00000000d6d00000,0x00000000d6e80000)
 ParOldGen       total 123904K, used 123691K [0x0000000080000000, 0x0000000087900000, 0x00000000d5580000)
  object space 123904K, 99% used [0x0000000080000000,0x00000000878cae70,0x0000000087900000)
 Metaspace       used 64072K, committed 65472K, reserved 1114112K
  class space    used 6750K, committed 7360K, reserved 1048576K
}
Event: 164.707 GC heap after
{Heap after GC invocations=48 (full 3):
 PSYoungGen      total 16896K, used 687K [0x00000000d5580000, 0x00000000d7000000, 0x0000000100000000)
  eden space 15360K, 0% used [0x00000000d5580000,0x00000000d5580000,0x00000000d6480000)
  from space 1536K, 44% used [0x00000000d6d00000,0x00000000d6dabc10,0x00000000d6e80000)
  to   space 1024K, 0% used [0x00000000d6f00000,0x00000000d6f00000,0x00000000d7000000)
 ParOldGen       total 124416K, used 124019K [0x0000000080000000, 0x0000000087980000, 0x00000000d5580000)
  object space 124416K, 99% used [0x0000000080000000,0x000000008791ce70,0x0000000087980000)
 Metaspace       used 64072K, committed 65472K, reserved 1114112K
  class space    used 6750K, committed 7360K, reserved 1048576K
}

