# JRE version: OpenJDK Runtime Environment Temurin-21.0.8+9 (21.0.8+9) (build 21.0.8+9-LTS)
# Java VM: OpenJDK 64-Bit Server VM Temurin-21.0.8+9 (21.0.8+9-LTS, mixed mode, sharing, tiered, compressed oops, compressed class ptrs, parallel gc, windows-amd64)
GC Precious Log:
 CardTable entry size: 512
 CPUs: 4 total, 4 available
 Memory: 6092M
 Large Page Support: Disabled
 NUMA Support: Disabled
 Compressed Oops: Enabled (32-bit)
 Alignments: Space 512K, Generation 512K, Heap 2M
 Heap Min Capacity: 100M
 Heap Initial Capacity: 100M
 Heap Max Capacity: 2G
 Pre-touch: Disabled
 Parallel Workers: 4
Heap:
 PSYoungGen      total 2048K, used 519K [0x00000000d5580000, 0x00000000d5880000, 0x0000000100000000)
  eden space 1536K, 13% used [0x00000000d5580000,0x00000000d55b51c8,0x00000000d5700000)
  from space 512K, 59% used [0x00000000d5780000,0x00000000d57ccad0,0x00000000d5800000)
  to   space 512K, 0% used [0x00000000d5800000,0x00000000d5800000,0x00000000d5880000)
 ParOldGen       total 871424K, used 871094K [0x0000000080000000, 0x00000000b5300000, 0x00000000d5580000)
  object space 871424K, 99% used [0x0000000080000000,0x00000000b52ada50,0x00000000b5300000)
 Metaspace       used 85650K, committed 87296K, reserved 1179648K
  class space    used 8600K, committed 9280K, reserved 1048576K
GC Heap History (20 events):
Event: 1231.318 GC heap after
{Heap after GC invocations=2874 (full 5):
 PSYoungGen      total 2048K, used 256K [0x00000000d5580000, 0x00000000d5900000, 0x0000000100000000)
  eden space 1536K, 0% used [0x00000000d5580000,0x00000000d5580000,0x00000000d5700000)
  from space 512K, 50% used [0x00000000d5800000,0x00000000d5840000,0x00000000d5880000)
  to   space 512K, 0% used [0x00000000d5880000,0x00000000d5880000,0x00000000d5900000)
 ParOldGen       total 868352K, used 868315K [0x0000000080000000, 0x00000000b5000000, 0x00000000d5580000)
  object space 868352K, 99% used [0x0000000080000000,0x00000000b4ff6e78,0x00000000b5000000)
 Metaspace       used 85499K, committed 87168K, reserved 1179648K
  class space    used 8584K, committed 9280K, reserved 1048576K
}
Event: 1231.396 GC heap before
{Heap before GC invocations=2875 (full 5):
 PSYoungGen      total 2048K, used 1792K [0x00000000d5580000, 0x00000000d5900000, 0x0000000100000000)
  eden space 1536K, 100% used [0x00000000d5580000,0x00000000d5700000,0x00000000d5700000)
  from space 512K, 50% used [0x00000000d5800000,0x00000000d5840000,0x00000000d5880000)
  to   space 512K, 0% used [0x00000000d5880000,0x00000000d5880000,0x00000000d5900000)
 ParOldGen       total 868352K, used 868315K [0x0000000080000000, 0x00000000b5000000, 0x00000000d5580000)
  object space 868352K, 99% used [0x0000000080000000,0x00000000b4ff6e78,0x00000000b5000000)
 Metaspace       used 85504K, committed 87168K, reserved 1179648K
  class space    used 8584K, committed 9280K, reserved 1048576K
}
Event: 1231.399 GC heap after
{Heap after GC invocations=2875 (full 5):
 PSYoungGen      total 2048K, used 512K [0x00000000d5580000, 0x00000000d5900000, 0x0000000100000000)
  eden space 1536K, 0% used [0x00000000d5580000,0x00000000d5580000,0x00000000d5700000)
  from space 512K, 100% used [0x00000000d5880000,0x00000000d5900000,0x00000000d5900000)
  to   space 1024K, 0% used [0x00000000d5700000,0x00000000d5700000,0x00000000d5800000)
 ParOldGen       total 868864K, used 868700K [0x0000000080000000, 0x00000000b5080000, 0x00000000d5580000)
  object space 868864K, 99% used [0x0000000080000000,0x00000000b5057360,0x00000000b5080000)
 Metaspace       used 85504K, committed 87168K, reserved 1179648K
  class space    used 8584K, committed 9280K, reserved 1048576K
}
Event: 1231.486 GC heap before
{Heap before GC invocations=2876 (full 5):
 PSYoungGen      total 2048K, used 2048K [0x00000000d5580000, 0x00000000d5900000, 0x0000000100000000)
  eden space 1536K, 100% used [0x00000000d5580000,0x00000000d5700000,0x00000000d5700000)
  from space 512K, 100% used [0x00000000d5880000,0x00000000d5900000,0x00000000d5900000)
  to   space 1024K, 0% used [0x00000000d5700000,0x00000000d5700000,0x00000000d5800000)
 ParOldGen       total 868864K, used 868700K [0x0000000080000000, 0x00000000b5080000, 0x00000000d5580000)
  object space 868864K, 99% used [0x0000000080000000,0x00000000b5057360,0x00000000b5080000)
 Metaspace       used 85508K, committed 87168K, reserved 1179648K
  class space    used 8584K, committed 9280K, reserved 1048576K
}
Event: 1231.490 GC heap after
{Heap after GC invocations=2876 (full 5):
 PSYoungGen      total 2560K, used 672K [0x00000000d5580000, 0x00000000d5900000, 0x0000000100000000)
  eden space 1536K, 0% used [0x00000000d5580000,0x00000000d5580000,0x00000000d5700000)
  from space 1024K, 65% used [0x00000000d5700000,0x00000000d57a8000,0x00000000d5800000)
  to   space 1024K, 0% used [0x00000000d5800000,0x00000000d5800000,0x00000000d5900000)
 ParOldGen       total 869376K, used 869200K [0x0000000080000000, 0x00000000b5100000, 0x00000000d5580000)
  object space 869376K, 99% used [0x0000000080000000,0x00000000b50d42a0,0x00000000b5100000)
 Metaspace       used 85508K, committed 87168K, reserved 1179648K
  class space    used 8584K, committed 9280K, reserved 1048576K
}
Event: 1231.557 GC heap before
{Heap before GC invocations=2877 (full 5):
 PSYoungGen      total 2560K, used 2208K [0x00000000d5580000, 0x00000000d5900000, 0x0000000100000000)
  eden space 1536K, 100% used [0x00000000d5580000,0x00000000d5700000,0x00000000d5700000)
  from space 1024K, 65% used [0x00000000d5700000,0x00000000d57a8000,0x00000000d5800000)
  to   space 1024K, 0% used [0x00000000d5800000,0x00000000d5800000,0x00000000d5900000)
 ParOldGen       total 869376K, used 869200K [0x0000000080000000, 0x00000000b5100000, 0x00000000d5580000)
  object space 869376K, 99% used [0x0000000080000000,0x00000000b50d42a0,0x00000000b5100000)
 Metaspace       used 85515K, committed 87168K, reserved 1179648K
  class space    used 8585K, committed 9280K, reserved 1048576K
}
Event: 1231.564 GC heap after
{Heap after GC invocations=2877 (full 5):
 PSYoungGen      total 2048K, used 256K [0x00000000d5580000, 0x00000000d5880000, 0x0000000100000000)
  eden space 1536K, 0% used [0x00000000d5580000,0x00000000d5580000,0x00000000d5700000)
  from space 512K, 50% used [0x00000000d5800000,0x00000000d5840000,0x00000000d5880000)
  to   space 512K, 0% used [0x00000000d5780000,0x00000000d5780000,0x00000000d5800000)
 ParOldGen       total 869888K, used 869858K [0x0000000080000000, 0x00000000b5180000, 0x00000000d5580000)
  object space 869888K, 99% used [0x0000000080000000,0x00000000b51788a0,0x00000000b5180000)
 Metaspace       used 85515K, committed 87168K, reserved 1179648K
  class space    used 8585K, committed 9280K, reserved 1048576K
}
Event: 1231.599 GC heap before
{Heap before GC invocations=2878 (full 5):
 PSYoungGen      total 2048K, used 1792K [0x00000000d5580000, 0x00000000d5880000, 0x0000000100000000)
  eden space 1536K, 100% used [0x00000000d5580000,0x00000000d5700000,0x00000000d5700000)
  from space 512K, 50% used [0x00000000d5800000,0x00000000d5840000,0x00000000d5880000)
  to   space 512K, 0% used [0x00000000d5780000,0x00000000d5780000,0x00000000d5800000)
 ParOldGen       total 869888K, used 869858K [0x0000000080000000, 0x00000000b5180000, 0x00000000d5580000)
  object space 869888K, 99% used [0x0000000080000000,0x00000000b51788a0,0x00000000b5180000)
 Metaspace       used 85524K, committed 87168K, reserved 1179648K
  class space    used 8587K, committed 9280K, reserved 1048576K
}
Event: 1231.602 GC heap after
{Heap after GC invocations=2878 (full 5):
 PSYoungGen      total 2048K, used 256K [0x00000000d5580000, 0x00000000d5880000, 0x0000000100000000)
  eden space 1536K, 0% used [0x00000000d5580000,0x00000000d5580000,0x00000000d5700000)
  from space 512K, 50% used [0x00000000d5780000,0x00000000d57c0000,0x00000000d5800000)
  to   space 512K, 0% used [0x00000000d5800000,0x00000000d5800000,0x00000000d5880000)
 ParOldGen       total 870400K, used 870018K [0x0000000080000000, 0x00000000b5200000, 0x00000000d5580000)
  object space 870400K, 99% used [0x0000000080000000,0x00000000b51a08a0,0x00000000b5200000)
 Metaspace       used 85524K, committed 87168K, reserved 1179648K
  class space    used 8587K, committed 9280K, reserved 1048576K
}
Event: 1231.660 GC heap before
{Heap before GC invocations=2879 (full 5):
 PSYoungGen      total 2048K, used 1792K [0x00000000d5580000, 0x00000000d5880000, 0x0000000100000000)
  eden space 1536K, 100% used [0x00000000d5580000,0x00000000d5700000,0x00000000d5700000)
  from space 512K, 50% used [0x00000000d5780000,0x00000000d57c0000,0x00000000d5800000)
  to   space 512K, 0% used [0x00000000d5800000,0x00000000d5800000,0x00000000d5880000)
 ParOldGen       total 870400K, used 870018K [0x0000000080000000, 0x00000000b5200000, 0x00000000d5580000)
  object space 870400K, 99% used [0x0000000080000000,0x00000000b51a08a0,0x00000000b5200000)
 Metaspace       used 85540K, committed 87168K, reserved 1179648K
  class space    used 8589K, committed 9280K, reserved 1048576K
}
Event: 1231.662 GC heap after
{Heap after GC invocations=2879 (full 5):
 PSYoungGen      total 2048K, used 224K [0x00000000d5580000, 0x00000000d5880000, 0x0000000100000000)
  eden space 1536K, 0% used [0x00000000d5580000,0x00000000d5580000,0x00000000d5700000)
  from space 512K, 43% used [0x00000000d5800000,0x00000000d5838000,0x00000000d5880000)
  to   space 512K, 0% used [0x00000000d5780000,0x00000000d5780000,0x00000000d5800000)
 ParOldGen       total 870400K, used 870210K [0x0000000080000000, 0x00000000b5200000, 0x00000000d5580000)
  object space 870400K, 99% used [0x0000000080000000,0x00000000b51d08a0,0x00000000b5200000)
 Metaspace       used 85540K, committed 87168K, reserved 1179648K
  class space    used 8589K, committed 9280K, reserved 1048576K
}
Event: 1231.681 GC heap before
{Heap before GC invocations=2880 (full 5):
 PSYoungGen      total 2048K, used 1760K [0x00000000d5580000, 0x00000000d5880000, 0x0000000100000000)
  eden space 1536K, 100% used [0x00000000d5580000,0x00000000d5700000,0x00000000d5700000)
  from space 512K, 43% used [0x00000000d5800000,0x00000000d5838000,0x00000000d5880000)
  to   space 512K, 0% used [0x00000000d5780000,0x00000000d5780000,0x00000000d5800000)
 ParOldGen       total 870400K, used 870210K [0x0000000080000000, 0x00000000b5200000, 0x00000000d5580000)
  object space 870400K, 99% used [0x0000000080000000,0x00000000b51d08a0,0x00000000b5200000)
 Metaspace       used 85540K, committed 87168K, reserved 1179648K
  class space    used 8589K, committed 9280K, reserved 1048576K
}
Event: 1231.684 GC heap after
{Heap after GC invocations=2880 (full 5):
 PSYoungGen      total 2048K, used 313K [0x00000000d5580000, 0x00000000d5880000, 0x0000000100000000)
  eden space 1536K, 0% used [0x00000000d5580000,0x00000000d5580000,0x00000000d5700000)
  from space 512K, 61% used [0x00000000d5780000,0x00000000d57ce658,0x00000000d5800000)
  to   space 512K, 0% used [0x00000000d5800000,0x00000000d5800000,0x00000000d5880000)
 ParOldGen       total 870400K, used 870342K [0x0000000080000000, 0x00000000b5200000, 0x00000000d5580000)
  object space 870400K, 99% used [0x0000000080000000,0x00000000b51f1908,0x00000000b5200000)
 Metaspace       used 85540K, committed 87168K, reserved 1179648K
  class space    used 8589K, committed 9280K, reserved 1048576K
}
Event: 1231.785 GC heap before
{Heap before GC invocations=2881 (full 5):
 PSYoungGen      total 2048K, used 1849K [0x00000000d5580000, 0x00000000d5880000, 0x0000000100000000)
  eden space 1536K, 100% used [0x00000000d5580000,0x00000000d5700000,0x00000000d5700000)
  from space 512K, 61% used [0x00000000d5780000,0x00000000d57ce658,0x00000000d5800000)
  to   space 512K, 0% used [0x00000000d5800000,0x00000000d5800000,0x00000000d5880000)
 ParOldGen       total 870400K, used 870342K [0x0000000080000000, 0x00000000b5200000, 0x00000000d5580000)
  object space 870400K, 99% used [0x0000000080000000,0x00000000b51f1908,0x00000000b5200000)
 Metaspace       used 85545K, committed 87232K, reserved 1179648K
  class space    used 8590K, committed 9280K, reserved 1048576K
}
Event: 1231.795 GC heap after
{Heap after GC invocations=2881 (full 5):
 PSYoungGen      total 2048K, used 192K [0x00000000d5580000, 0x00000000d5880000, 0x0000000100000000)
  eden space 1536K, 0% used [0x00000000d5580000,0x00000000d5580000,0x00000000d5700000)
  from space 512K, 37% used [0x00000000d5800000,0x00000000d5830000,0x00000000d5880000)
  to   space 512K, 0% used [0x00000000d5780000,0x00000000d5780000,0x00000000d5800000)
 ParOldGen       total 870912K, used 870543K [0x0000000080000000, 0x00000000b5280000, 0x00000000d5580000)
  object space 870912K, 99% used [0x0000000080000000,0x00000000b5223f60,0x00000000b5280000)
 Metaspace       used 85545K, committed 87232K, reserved 1179648K
  class space    used 8590K, committed 9280K, reserved 1048576K
}
Event: 1232.053 GC heap before
{Heap before GC invocations=2882 (full 5):
 PSYoungGen      total 2048K, used 1728K [0x00000000d5580000, 0x00000000d5880000, 0x0000000100000000)
  eden space 1536K, 100% used [0x00000000d5580000,0x00000000d5700000,0x00000000d5700000)
  from space 512K, 37% used [0x00000000d5800000,0x00000000d5830000,0x00000000d5880000)
  to   space 512K, 0% used [0x00000000d5780000,0x00000000d5780000,0x00000000d5800000)
 ParOldGen       total 870912K, used 870543K [0x0000000080000000, 0x00000000b5280000, 0x00000000d5580000)
  object space 870912K, 99% used [0x0000000080000000,0x00000000b5223f60,0x00000000b5280000)
 Metaspace       used 85623K, committed 87296K, reserved 1179648K
  class space    used 8596K, committed 9280K, reserved 1048576K
}
Event: 1232.057 GC heap after
{Heap after GC invocations=2882 (full 5):
 PSYoungGen      total 2048K, used 185K [0x00000000d5580000, 0x00000000d5880000, 0x0000000100000000)
  eden space 1536K, 0% used [0x00000000d5580000,0x00000000d5580000,0x00000000d5700000)
  from space 512K, 36% used [0x00000000d5780000,0x00000000d57ae740,0x00000000d5800000)
  to   space 512K, 0% used [0x00000000d5800000,0x00000000d5800000,0x00000000d5880000)
 ParOldGen       total 870912K, used 870645K [0x0000000080000000, 0x00000000b5280000, 0x00000000d5580000)
  object space 870912K, 99% used [0x0000000080000000,0x00000000b523d748,0x00000000b5280000)
 Metaspace       used 85623K, committed 87296K, reserved 1179648K
  class space    used 8596K, committed 9280K, reserved 1048576K
}
Event: 1232.098 GC heap before
{Heap before GC invocations=2883 (full 5):
 PSYoungGen      total 2048K, used 1721K [0x00000000d5580000, 0x00000000d5880000, 0x0000000100000000)
  eden space 1536K, 100% used [0x00000000d5580000,0x00000000d5700000,0x00000000d5700000)
  from space 512K, 36% used [0x00000000d5780000,0x00000000d57ae740,0x00000000d5800000)
  to   space 512K, 0% used [0x00000000d5800000,0x00000000d5800000,0x00000000d5880000)
 ParOldGen       total 870912K, used 870645K [0x0000000080000000, 0x00000000b5280000, 0x00000000d5580000)
  object space 870912K, 99% used [0x0000000080000000,0x00000000b523d748,0x00000000b5280000)
 Metaspace       used 85648K, committed 87296K, reserved 1179648K
  class space    used 8600K, committed 9280K, reserved 1048576K
}
Event: 1232.101 GC heap after
{Heap after GC invocations=2883 (full 5):
 PSYoungGen      total 2048K, used 341K [0x00000000d5580000, 0x00000000d5880000, 0x0000000100000000)
  eden space 1536K, 0% used [0x00000000d5580000,0x00000000d5580000,0x00000000d5700000)
  from space 512K, 66% used [0x00000000d5800000,0x00000000d58555e8,0x00000000d5880000)
  to   space 512K, 0% used [0x00000000d5780000,0x00000000d5780000,0x00000000d5800000)
 ParOldGen       total 870912K, used 870792K [0x0000000080000000, 0x00000000b5280000, 0x00000000d5580000)
  object space 870912K, 99% used [0x0000000080000000,0x00000000b52622e0,0x00000000b5280000)
 Metaspace       used 85648K, committed 87296K, reserved 1179648K
  class space    used 8600K, committed 9280K, reserved 1048576K
}
Event: 1232.130 GC heap before
{Heap before GC invocations=2884 (full 5):
 PSYoungGen      total 2048K, used 1877K [0x00000000d5580000, 0x00000000d5880000, 0x0000000100000000)
  eden space 1536K, 100% used [0x00000000d5580000,0x00000000d5700000,0x00000000d5700000)
  from space 512K, 66% used [0x00000000d5800000,0x00000000d58555e8,0x00000000d5880000)
  to   space 512K, 0% used [0x00000000d5780000,0x00000000d5780000,0x00000000d5800000)
 ParOldGen       total 870912K, used 870792K [0x0000000080000000, 0x00000000b5280000, 0x00000000d5580000)
  object space 870912K, 99% used [0x0000000080000000,0x00000000b52622e0,0x00000000b5280000)
 Metaspace       used 85649K, committed 87296K, reserved 1179648K
  class space    used 8600K, committed 9280K, reserved 1048576K
}

